{"/Users/benjamincataldolopez/Desktop/Proyectos/2026/dentalLINK/backend/src/config/app.js": {"path":"/Users/benjamincataldolopez/Desktop/Proyectos/2026/dentalLINK/backend/src/config/app.js","statementMap":{"0":{"start":{"line":1,"column":15},"end":{"line":5,"column":1}},"1":{"start":{"line":7,"column":0},"end":{"line":7,"column":24}}},"fnMap":{},"branchMap":{"0":{"loc":{"start":{"line":2,"column":7},"end":{"line":2,"column":44}},"type":"binary-expr","locations":[{"start":{"line":2,"column":7},"end":{"line":2,"column":27}},{"start":{"line":2,"column":31},"end":{"line":2,"column":44}}],"line":2},"1":{"loc":{"start":{"line":3,"column":8},"end":{"line":3,"column":32}},"type":"binary-expr","locations":[{"start":{"line":3,"column":8},"end":{"line":3,"column":24}},{"start":{"line":3,"column":28},"end":{"line":3,"column":32}}],"line":3}},"s":{"0":1,"1":1},"f":{},"b":{"0":[1,0],"1":[1,0]},"_coverageSchema":"1a1c01bbd47fc00a2c39e90264f33305004495a9","hash":"e44f24a0be7bf9c2620e2b48b71f896215686d88"}
,"/Users/benjamincataldolopez/Desktop/Proyectos/2026/dentalLINK/backend/src/config/database.js": {"path":"/Users/benjamincataldolopez/Desktop/Proyectos/2026/dentalLINK/backend/src/config/database.js","statementMap":{"0":{"start":{"line":1,"column":22},"end":{"line":1,"column":42}},"1":{"start":{"line":2,"column":15},"end":{"line":2,"column":41}},"2":{"start":{"line":4,"column":18},"end":{"line":24,"column":1}},"3":{"start":{"line":12,"column":22},"end":{"line":12,"column":39}},"4":{"start":{"line":26,"column":18},"end":{"line":34,"column":1}},"5":{"start":{"line":27,"column":2},"end":{"line":33,"column":3}},"6":{"start":{"line":28,"column":4},"end":{"line":28,"column":35}},"7":{"start":{"line":29,"column":4},"end":{"line":29,"column":64}},"8":{"start":{"line":31,"column":4},"end":{"line":31,"column":62}},"9":{"start":{"line":32,"column":4},"end":{"line":32,"column":16}},"10":{"start":{"line":36,"column":0},"end":{"line":36,"column":42}}},"fnMap":{"0":{"name":"(anonymous_0)","decl":{"start":{"line":12,"column":13},"end":{"line":12,"column":14}},"loc":{"start":{"line":12,"column":22},"end":{"line":12,"column":39}},"line":12},"1":{"name":"(anonymous_1)","decl":{"start":{"line":26,"column":18},"end":{"line":26,"column":19}},"loc":{"start":{"line":26,"column":30},"end":{"line":34,"column":1}},"line":26}},"branchMap":{"0":{"loc":{"start":{"line":5,"column":2},"end":{"line":5,"column":37}},"type":"binary-expr","locations":[{"start":{"line":5,"column":2},"end":{"line":5,"column":21}},{"start":{"line":5,"column":25},"end":{"line":5,"column":37}}],"line":5},"1":{"loc":{"start":{"line":6,"column":2},"end":{"line":6,"column":35}},"type":"binary-expr","locations":[{"start":{"line":6,"column":2},"end":{"line":6,"column":21}},{"start":{"line":6,"column":25},"end":{"line":6,"column":35}}],"line":6},"2":{"loc":{"start":{"line":7,"column":2},"end":{"line":7,"column":39}},"type":"binary-expr","locations":[{"start":{"line":7,"column":2},"end":{"line":7,"column":25}},{"start":{"line":7,"column":29},"end":{"line":7,"column":39}}],"line":7},"3":{"loc":{"start":{"line":9,"column":10},"end":{"line":9,"column":44}},"type":"binary-expr","locations":[{"start":{"line":9,"column":10},"end":{"line":9,"column":29}},{"start":{"line":9,"column":33},"end":{"line":9,"column":44}}],"line":9},"4":{"loc":{"start":{"line":10,"column":10},"end":{"line":10,"column":37}},"type":"binary-expr","locations":[{"start":{"line":10,"column":10},"end":{"line":10,"column":29}},{"start":{"line":10,"column":33},"end":{"line":10,"column":37}}],"line":10},"5":{"loc":{"start":{"line":14,"column":11},"end":{"line":14,"column":49}},"type":"binary-expr","locations":[{"start":{"line":14,"column":11},"end":{"line":14,"column":44}},{"start":{"line":14,"column":48},"end":{"line":14,"column":49}}],"line":14},"6":{"loc":{"start":{"line":15,"column":11},"end":{"line":15,"column":50}},"type":"binary-expr","locations":[{"start":{"line":15,"column":11},"end":{"line":15,"column":44}},{"start":{"line":15,"column":48},"end":{"line":15,"column":50}}],"line":15},"7":{"loc":{"start":{"line":16,"column":15},"end":{"line":16,"column":61}},"type":"binary-expr","locations":[{"start":{"line":16,"column":15},"end":{"line":16,"column":52}},{"start":{"line":16,"column":56},"end":{"line":16,"column":61}}],"line":16},"8":{"loc":{"start":{"line":17,"column":12},"end":{"line":17,"column":55}},"type":"binary-expr","locations":[{"start":{"line":17,"column":12},"end":{"line":17,"column":46}},{"start":{"line":17,"column":50},"end":{"line":17,"column":55}}],"line":17}},"s":{"0":7,"1":7,"2":7,"3":0,"4":7,"5":0,"6":0,"7":0,"8":0,"9":0,"10":7},"f":{"0":0,"1":0},"b":{"0":[7,7],"1":[7,7],"2":[7,7],"3":[7,7],"4":[7,7],"5":[7,7],"6":[7,7],"7":[7,7],"8":[7,7]},"_coverageSchema":"1a1c01bbd47fc00a2c39e90264f33305004495a9","hash":"a6ad44e798a098398f9f1477d838049cb22f04a3"}
,"/Users/benjamincataldolopez/Desktop/Proyectos/2026/dentalLINK/backend/src/controllers/AppointmentController.js": {"path":"/Users/benjamincataldolopez/Desktop/Proyectos/2026/dentalLINK/backend/src/controllers/AppointmentController.js","statementMap":{"0":{"start":{"line":1,"column":27},"end":{"line":1,"column":68}},"1":{"start":{"line":2,"column":15},"end":{"line":2,"column":41}},"2":{"start":{"line":6,"column":4},"end":{"line":18,"column":5}},"3":{"start":{"line":7,"column":22},"end":{"line":12,"column":7}},"4":{"start":{"line":13,"column":27},"end":{"line":13,"column":68}},"5":{"start":{"line":14,"column":6},"end":{"line":14,"column":29}},"6":{"start":{"line":16,"column":6},"end":{"line":16,"column":59}},"7":{"start":{"line":17,"column":6},"end":{"line":17,"column":70}},"8":{"start":{"line":22,"column":4},"end":{"line":32,"column":5}},"9":{"start":{"line":23,"column":21},"end":{"line":23,"column":31}},"10":{"start":{"line":24,"column":26},"end":{"line":24,"column":63}},"11":{"start":{"line":25,"column":6},"end":{"line":27,"column":7}},"12":{"start":{"line":26,"column":8},"end":{"line":26,"column":72}},"13":{"start":{"line":28,"column":6},"end":{"line":28,"column":28}},"14":{"start":{"line":30,"column":6},"end":{"line":30,"column":59}},"15":{"start":{"line":31,"column":6},"end":{"line":31,"column":69}},"16":{"start":{"line":36,"column":4},"end":{"line":42,"column":5}},"17":{"start":{"line":37,"column":26},"end":{"line":37,"column":67}},"18":{"start":{"line":38,"column":6},"end":{"line":38,"column":40}},"19":{"start":{"line":40,"column":6},"end":{"line":40,"column":58}},"20":{"start":{"line":41,"column":6},"end":{"line":41,"column":70}},"21":{"start":{"line":46,"column":4},"end":{"line":56,"column":5}},"22":{"start":{"line":47,"column":21},"end":{"line":47,"column":31}},"23":{"start":{"line":48,"column":26},"end":{"line":48,"column":71}},"24":{"start":{"line":49,"column":6},"end":{"line":51,"column":7}},"25":{"start":{"line":50,"column":8},"end":{"line":50,"column":72}},"26":{"start":{"line":52,"column":6},"end":{"line":52,"column":28}},"27":{"start":{"line":54,"column":6},"end":{"line":54,"column":58}},"28":{"start":{"line":55,"column":6},"end":{"line":55,"column":70}},"29":{"start":{"line":60,"column":4},"end":{"line":70,"column":5}},"30":{"start":{"line":61,"column":21},"end":{"line":61,"column":31}},"31":{"start":{"line":62,"column":22},"end":{"line":62,"column":57}},"32":{"start":{"line":63,"column":6},"end":{"line":65,"column":7}},"33":{"start":{"line":64,"column":8},"end":{"line":64,"column":72}},"34":{"start":{"line":66,"column":6},"end":{"line":66,"column":29}},"35":{"start":{"line":68,"column":6},"end":{"line":68,"column":58}},"36":{"start":{"line":69,"column":6},"end":{"line":69,"column":70}},"37":{"start":{"line":74,"column":4},"end":{"line":80,"column":5}},"38":{"start":{"line":75,"column":27},"end":{"line":75,"column":74}},"39":{"start":{"line":76,"column":6},"end":{"line":76,"column":29}},"40":{"start":{"line":78,"column":6},"end":{"line":78,"column":61}},"41":{"start":{"line":79,"column":6},"end":{"line":79,"column":76}},"42":{"start":{"line":84,"column":4},"end":{"line":91,"column":5}},"43":{"start":{"line":85,"column":23},"end":{"line":85,"column":33}},"44":{"start":{"line":86,"column":27},"end":{"line":86,"column":68}},"45":{"start":{"line":87,"column":6},"end":{"line":87,"column":29}},"46":{"start":{"line":89,"column":6},"end":{"line":89,"column":62}},"47":{"start":{"line":90,"column":6},"end":{"line":90,"column":78}},"48":{"start":{"line":95,"column":0},"end":{"line":95,"column":45}}},"fnMap":{"0":{"name":"(anonymous_0)","decl":{"start":{"line":5,"column":2},"end":{"line":5,"column":3}},"loc":{"start":{"line":5,"column":25},"end":{"line":19,"column":3}},"line":5},"1":{"name":"(anonymous_1)","decl":{"start":{"line":21,"column":2},"end":{"line":21,"column":3}},"loc":{"start":{"line":21,"column":26},"end":{"line":33,"column":3}},"line":21},"2":{"name":"(anonymous_2)","decl":{"start":{"line":35,"column":2},"end":{"line":35,"column":3}},"loc":{"start":{"line":35,"column":25},"end":{"line":43,"column":3}},"line":35},"3":{"name":"(anonymous_3)","decl":{"start":{"line":45,"column":2},"end":{"line":45,"column":3}},"loc":{"start":{"line":45,"column":25},"end":{"line":57,"column":3}},"line":45},"4":{"name":"(anonymous_4)","decl":{"start":{"line":59,"column":2},"end":{"line":59,"column":3}},"loc":{"start":{"line":59,"column":25},"end":{"line":71,"column":3}},"line":59},"5":{"name":"(anonymous_5)","decl":{"start":{"line":73,"column":2},"end":{"line":73,"column":3}},"loc":{"start":{"line":73,"column":27},"end":{"line":81,"column":3}},"line":73},"6":{"name":"(anonymous_6)","decl":{"start":{"line":83,"column":2},"end":{"line":83,"column":3}},"loc":{"start":{"line":83,"column":28},"end":{"line":92,"column":3}},"line":83}},"branchMap":{"0":{"loc":{"start":{"line":25,"column":6},"end":{"line":27,"column":7}},"type":"if","locations":[{"start":{"line":25,"column":6},"end":{"line":27,"column":7}},{"start":{},"end":{}}],"line":25},"1":{"loc":{"start":{"line":49,"column":6},"end":{"line":51,"column":7}},"type":"if","locations":[{"start":{"line":49,"column":6},"end":{"line":51,"column":7}},{"start":{},"end":{}}],"line":49},"2":{"loc":{"start":{"line":63,"column":6},"end":{"line":65,"column":7}},"type":"if","locations":[{"start":{"line":63,"column":6},"end":{"line":65,"column":7}},{"start":{},"end":{}}],"line":63}},"s":{"0":1,"1":1,"2":1,"3":1,"4":1,"5":1,"6":0,"7":0,"8":0,"9":0,"10":0,"11":0,"12":0,"13":0,"14":0,"15":0,"16":1,"17":1,"18":1,"19":0,"20":0,"21":0,"22":0,"23":0,"24":0,"25":0,"26":0,"27":0,"28":0,"29":0,"30":0,"31":0,"32":0,"33":0,"34":0,"35":0,"36":0,"37":0,"38":0,"39":0,"40":0,"41":0,"42":0,"43":0,"44":0,"45":0,"46":0,"47":0,"48":1},"f":{"0":1,"1":0,"2":1,"3":0,"4":0,"5":0,"6":0},"b":{"0":[0,0],"1":[0,0],"2":[0,0]},"_coverageSchema":"1a1c01bbd47fc00a2c39e90264f33305004495a9","hash":"e6310af0423bfe833bb71fe2a0e3847ad1e532da"}
,"/Users/benjamincataldolopez/Desktop/Proyectos/2026/dentalLINK/backend/src/controllers/CariogramController.js": {"path":"/Users/benjamincataldolopez/Desktop/Proyectos/2026/dentalLINK/backend/src/controllers/CariogramController.js","statementMap":{"0":{"start":{"line":1,"column":25},"end":{"line":1,"column":64}},"1":{"start":{"line":2,"column":15},"end":{"line":2,"column":41}},"2":{"start":{"line":6,"column":4},"end":{"line":16,"column":5}},"3":{"start":{"line":7,"column":28},"end":{"line":7,"column":38}},"4":{"start":{"line":8,"column":24},"end":{"line":8,"column":73}},"5":{"start":{"line":9,"column":6},"end":{"line":11,"column":7}},"6":{"start":{"line":10,"column":8},"end":{"line":10,"column":70}},"7":{"start":{"line":12,"column":6},"end":{"line":12,"column":26}},"8":{"start":{"line":14,"column":6},"end":{"line":14,"column":64}},"9":{"start":{"line":15,"column":6},"end":{"line":15,"column":67}},"10":{"start":{"line":20,"column":4},"end":{"line":29,"column":5}},"11":{"start":{"line":21,"column":24},"end":{"line":21,"column":63}},"12":{"start":{"line":22,"column":6},"end":{"line":22,"column":38}},"13":{"start":{"line":24,"column":6},"end":{"line":24,"column":56}},"14":{"start":{"line":25,"column":6},"end":{"line":27,"column":7}},"15":{"start":{"line":26,"column":8},"end":{"line":26,"column":62}},"16":{"start":{"line":28,"column":6},"end":{"line":28,"column":68}},"17":{"start":{"line":33,"column":4},"end":{"line":43,"column":5}},"18":{"start":{"line":34,"column":28},"end":{"line":34,"column":38}},"19":{"start":{"line":35,"column":24},"end":{"line":35,"column":74}},"20":{"start":{"line":36,"column":6},"end":{"line":38,"column":7}},"21":{"start":{"line":37,"column":8},"end":{"line":37,"column":70}},"22":{"start":{"line":39,"column":6},"end":{"line":39,"column":26}},"23":{"start":{"line":41,"column":6},"end":{"line":41,"column":56}},"24":{"start":{"line":42,"column":6},"end":{"line":42,"column":68}},"25":{"start":{"line":47,"column":4},"end":{"line":54,"column":5}},"26":{"start":{"line":48,"column":28},"end":{"line":48,"column":38}},"27":{"start":{"line":49,"column":24},"end":{"line":49,"column":74}},"28":{"start":{"line":50,"column":6},"end":{"line":50,"column":26}},"29":{"start":{"line":52,"column":6},"end":{"line":52,"column":56}},"30":{"start":{"line":53,"column":6},"end":{"line":53,"column":66}},"31":{"start":{"line":58,"column":0},"end":{"line":58,"column":43}}},"fnMap":{"0":{"name":"(anonymous_0)","decl":{"start":{"line":5,"column":2},"end":{"line":5,"column":3}},"loc":{"start":{"line":5,"column":33},"end":{"line":17,"column":3}},"line":5},"1":{"name":"(anonymous_1)","decl":{"start":{"line":19,"column":2},"end":{"line":19,"column":3}},"loc":{"start":{"line":19,"column":25},"end":{"line":30,"column":3}},"line":19},"2":{"name":"(anonymous_2)","decl":{"start":{"line":32,"column":2},"end":{"line":32,"column":3}},"loc":{"start":{"line":32,"column":25},"end":{"line":44,"column":3}},"line":32},"3":{"name":"(anonymous_3)","decl":{"start":{"line":46,"column":2},"end":{"line":46,"column":3}},"loc":{"start":{"line":46,"column":25},"end":{"line":55,"column":3}},"line":46}},"branchMap":{"0":{"loc":{"start":{"line":9,"column":6},"end":{"line":11,"column":7}},"type":"if","locations":[{"start":{"line":9,"column":6},"end":{"line":11,"column":7}},{"start":{},"end":{}}],"line":9},"1":{"loc":{"start":{"line":25,"column":6},"end":{"line":27,"column":7}},"type":"if","locations":[{"start":{"line":25,"column":6},"end":{"line":27,"column":7}},{"start":{},"end":{}}],"line":25},"2":{"loc":{"start":{"line":36,"column":6},"end":{"line":38,"column":7}},"type":"if","locations":[{"start":{"line":36,"column":6},"end":{"line":38,"column":7}},{"start":{},"end":{}}],"line":36}},"s":{"0":2,"1":2,"2":3,"3":3,"4":3,"5":2,"6":1,"7":1,"8":1,"9":1,"10":3,"11":3,"12":1,"13":2,"14":2,"15":1,"16":1,"17":3,"18":3,"19":3,"20":2,"21":1,"22":1,"23":1,"24":1,"25":2,"26":2,"27":2,"28":1,"29":1,"30":1,"31":2},"f":{"0":3,"1":3,"2":3,"3":2},"b":{"0":[1,1],"1":[1,1],"2":[1,1]},"_coverageSchema":"1a1c01bbd47fc00a2c39e90264f33305004495a9","hash":"b00e01a23e4eb2957d6d3d38b876d67424aadacb"}
,"/Users/benjamincataldolopez/Desktop/Proyectos/2026/dentalLINK/backend/src/controllers/DentalRecordController.js": {"path":"/Users/benjamincataldolopez/Desktop/Proyectos/2026/dentalLINK/backend/src/controllers/DentalRecordController.js","statementMap":{"0":{"start":{"line":1,"column":28},"end":{"line":1,"column":70}},"1":{"start":{"line":2,"column":15},"end":{"line":2,"column":41}},"2":{"start":{"line":6,"column":4},"end":{"line":16,"column":5}},"3":{"start":{"line":7,"column":28},"end":{"line":7,"column":38}},"4":{"start":{"line":8,"column":21},"end":{"line":8,"column":73}},"5":{"start":{"line":9,"column":6},"end":{"line":11,"column":7}},"6":{"start":{"line":10,"column":8},"end":{"line":10,"column":74}},"7":{"start":{"line":12,"column":6},"end":{"line":12,"column":23}},"8":{"start":{"line":14,"column":6},"end":{"line":14,"column":68}},"9":{"start":{"line":15,"column":6},"end":{"line":15,"column":71}},"10":{"start":{"line":20,"column":4},"end":{"line":29,"column":5}},"11":{"start":{"line":21,"column":21},"end":{"line":21,"column":63}},"12":{"start":{"line":22,"column":6},"end":{"line":22,"column":35}},"13":{"start":{"line":24,"column":6},"end":{"line":24,"column":60}},"14":{"start":{"line":25,"column":6},"end":{"line":27,"column":7}},"15":{"start":{"line":26,"column":8},"end":{"line":26,"column":62}},"16":{"start":{"line":28,"column":6},"end":{"line":28,"column":72}},"17":{"start":{"line":33,"column":4},"end":{"line":43,"column":5}},"18":{"start":{"line":34,"column":28},"end":{"line":34,"column":38}},"19":{"start":{"line":35,"column":21},"end":{"line":35,"column":74}},"20":{"start":{"line":36,"column":6},"end":{"line":38,"column":7}},"21":{"start":{"line":37,"column":8},"end":{"line":37,"column":74}},"22":{"start":{"line":39,"column":6},"end":{"line":39,"column":23}},"23":{"start":{"line":41,"column":6},"end":{"line":41,"column":60}},"24":{"start":{"line":42,"column":6},"end":{"line":42,"column":72}},"25":{"start":{"line":47,"column":0},"end":{"line":47,"column":46}}},"fnMap":{"0":{"name":"(anonymous_0)","decl":{"start":{"line":5,"column":2},"end":{"line":5,"column":3}},"loc":{"start":{"line":5,"column":33},"end":{"line":17,"column":3}},"line":5},"1":{"name":"(anonymous_1)","decl":{"start":{"line":19,"column":2},"end":{"line":19,"column":3}},"loc":{"start":{"line":19,"column":25},"end":{"line":30,"column":3}},"line":19},"2":{"name":"(anonymous_2)","decl":{"start":{"line":32,"column":2},"end":{"line":32,"column":3}},"loc":{"start":{"line":32,"column":25},"end":{"line":44,"column":3}},"line":32}},"branchMap":{"0":{"loc":{"start":{"line":9,"column":6},"end":{"line":11,"column":7}},"type":"if","locations":[{"start":{"line":9,"column":6},"end":{"line":11,"column":7}},{"start":{},"end":{}}],"line":9},"1":{"loc":{"start":{"line":25,"column":6},"end":{"line":27,"column":7}},"type":"if","locations":[{"start":{"line":25,"column":6},"end":{"line":27,"column":7}},{"start":{},"end":{}}],"line":25},"2":{"loc":{"start":{"line":36,"column":6},"end":{"line":38,"column":7}},"type":"if","locations":[{"start":{"line":36,"column":6},"end":{"line":38,"column":7}},{"start":{},"end":{}}],"line":36}},"s":{"0":2,"1":2,"2":3,"3":3,"4":3,"5":2,"6":1,"7":1,"8":1,"9":1,"10":3,"11":3,"12":1,"13":2,"14":2,"15":1,"16":1,"17":3,"18":3,"19":3,"20":2,"21":1,"22":1,"23":1,"24":1,"25":2},"f":{"0":3,"1":3,"2":3},"b":{"0":[1,1],"1":[1,1],"2":[1,1]},"_coverageSchema":"1a1c01bbd47fc00a2c39e90264f33305004495a9","hash":"15bd5384fe1a0589d3ac6e75a457a4c2af781a48"}
,"/Users/benjamincataldolopez/Desktop/Proyectos/2026/dentalLINK/backend/src/controllers/DentistController.js": {"path":"/Users/benjamincataldolopez/Desktop/Proyectos/2026/dentalLINK/backend/src/controllers/DentistController.js","statementMap":{"0":{"start":{"line":1,"column":23},"end":{"line":1,"column":60}},"1":{"start":{"line":2,"column":15},"end":{"line":2,"column":41}},"2":{"start":{"line":6,"column":4},"end":{"line":12,"column":5}},"3":{"start":{"line":7,"column":23},"end":{"line":7,"column":53}},"4":{"start":{"line":8,"column":6},"end":{"line":8,"column":25}},"5":{"start":{"line":10,"column":6},"end":{"line":10,"column":55}},"6":{"start":{"line":11,"column":6},"end":{"line":11,"column":66}},"7":{"start":{"line":16,"column":4},"end":{"line":26,"column":5}},"8":{"start":{"line":17,"column":21},"end":{"line":17,"column":31}},"9":{"start":{"line":18,"column":22},"end":{"line":18,"column":55}},"10":{"start":{"line":19,"column":6},"end":{"line":21,"column":7}},"11":{"start":{"line":20,"column":8},"end":{"line":20,"column":68}},"12":{"start":{"line":22,"column":6},"end":{"line":22,"column":24}},"13":{"start":{"line":24,"column":6},"end":{"line":24,"column":55}},"14":{"start":{"line":25,"column":6},"end":{"line":25,"column":65}},"15":{"start":{"line":30,"column":4},"end":{"line":39,"column":5}},"16":{"start":{"line":31,"column":22},"end":{"line":31,"column":59}},"17":{"start":{"line":32,"column":6},"end":{"line":32,"column":36}},"18":{"start":{"line":34,"column":6},"end":{"line":34,"column":54}},"19":{"start":{"line":35,"column":6},"end":{"line":37,"column":7}},"20":{"start":{"line":36,"column":8},"end":{"line":36,"column":62}},"21":{"start":{"line":38,"column":6},"end":{"line":38,"column":66}},"22":{"start":{"line":43,"column":4},"end":{"line":56,"column":5}},"23":{"start":{"line":44,"column":21},"end":{"line":44,"column":31}},"24":{"start":{"line":45,"column":22},"end":{"line":45,"column":63}},"25":{"start":{"line":46,"column":6},"end":{"line":48,"column":7}},"26":{"start":{"line":47,"column":8},"end":{"line":47,"column":68}},"27":{"start":{"line":49,"column":6},"end":{"line":49,"column":24}},"28":{"start":{"line":51,"column":6},"end":{"line":51,"column":54}},"29":{"start":{"line":52,"column":6},"end":{"line":54,"column":7}},"30":{"start":{"line":53,"column":8},"end":{"line":53,"column":62}},"31":{"start":{"line":55,"column":6},"end":{"line":55,"column":66}},"32":{"start":{"line":60,"column":4},"end":{"line":70,"column":5}},"33":{"start":{"line":61,"column":21},"end":{"line":61,"column":31}},"34":{"start":{"line":62,"column":22},"end":{"line":62,"column":53}},"35":{"start":{"line":63,"column":6},"end":{"line":65,"column":7}},"36":{"start":{"line":64,"column":8},"end":{"line":64,"column":68}},"37":{"start":{"line":66,"column":6},"end":{"line":66,"column":29}},"38":{"start":{"line":68,"column":6},"end":{"line":68,"column":54}},"39":{"start":{"line":69,"column":6},"end":{"line":69,"column":66}},"40":{"start":{"line":74,"column":0},"end":{"line":74,"column":41}}},"fnMap":{"0":{"name":"(anonymous_0)","decl":{"start":{"line":5,"column":2},"end":{"line":5,"column":3}},"loc":{"start":{"line":5,"column":25},"end":{"line":13,"column":3}},"line":5},"1":{"name":"(anonymous_1)","decl":{"start":{"line":15,"column":2},"end":{"line":15,"column":3}},"loc":{"start":{"line":15,"column":26},"end":{"line":27,"column":3}},"line":15},"2":{"name":"(anonymous_2)","decl":{"start":{"line":29,"column":2},"end":{"line":29,"column":3}},"loc":{"start":{"line":29,"column":25},"end":{"line":40,"column":3}},"line":29},"3":{"name":"(anonymous_3)","decl":{"start":{"line":42,"column":2},"end":{"line":42,"column":3}},"loc":{"start":{"line":42,"column":25},"end":{"line":57,"column":3}},"line":42},"4":{"name":"(anonymous_4)","decl":{"start":{"line":59,"column":2},"end":{"line":59,"column":3}},"loc":{"start":{"line":59,"column":25},"end":{"line":71,"column":3}},"line":59}},"branchMap":{"0":{"loc":{"start":{"line":19,"column":6},"end":{"line":21,"column":7}},"type":"if","locations":[{"start":{"line":19,"column":6},"end":{"line":21,"column":7}},{"start":{},"end":{}}],"line":19},"1":{"loc":{"start":{"line":35,"column":6},"end":{"line":37,"column":7}},"type":"if","locations":[{"start":{"line":35,"column":6},"end":{"line":37,"column":7}},{"start":{},"end":{}}],"line":35},"2":{"loc":{"start":{"line":46,"column":6},"end":{"line":48,"column":7}},"type":"if","locations":[{"start":{"line":46,"column":6},"end":{"line":48,"column":7}},{"start":{},"end":{}}],"line":46},"3":{"loc":{"start":{"line":52,"column":6},"end":{"line":54,"column":7}},"type":"if","locations":[{"start":{"line":52,"column":6},"end":{"line":54,"column":7}},{"start":{},"end":{}}],"line":52},"4":{"loc":{"start":{"line":63,"column":6},"end":{"line":65,"column":7}},"type":"if","locations":[{"start":{"line":63,"column":6},"end":{"line":65,"column":7}},{"start":{},"end":{}}],"line":63}},"s":{"0":1,"1":1,"2":1,"3":1,"4":1,"5":0,"6":0,"7":0,"8":0,"9":0,"10":0,"11":0,"12":0,"13":0,"14":0,"15":1,"16":1,"17":1,"18":0,"19":0,"20":0,"21":0,"22":0,"23":0,"24":0,"25":0,"26":0,"27":0,"28":0,"29":0,"30":0,"31":0,"32":0,"33":0,"34":0,"35":0,"36":0,"37":0,"38":0,"39":0,"40":1},"f":{"0":1,"1":0,"2":1,"3":0,"4":0},"b":{"0":[0,0],"1":[0,0],"2":[0,0],"3":[0,0],"4":[0,0]},"_coverageSchema":"1a1c01bbd47fc00a2c39e90264f33305004495a9","hash":"aa2af807a2cf2411ffc84b3917aa9c9e2dcca589"}
,"/Users/benjamincataldolopez/Desktop/Proyectos/2026/dentalLINK/backend/src/controllers/MedicalRecordController.js": {"path":"/Users/benjamincataldolopez/Desktop/Proyectos/2026/dentalLINK/backend/src/controllers/MedicalRecordController.js","statementMap":{"0":{"start":{"line":1,"column":29},"end":{"line":1,"column":72}},"1":{"start":{"line":2,"column":15},"end":{"line":2,"column":41}},"2":{"start":{"line":6,"column":4},"end":{"line":16,"column":5}},"3":{"start":{"line":7,"column":28},"end":{"line":7,"column":38}},"4":{"start":{"line":8,"column":21},"end":{"line":8,"column":74}},"5":{"start":{"line":9,"column":6},"end":{"line":11,"column":7}},"6":{"start":{"line":10,"column":8},"end":{"line":10,"column":75}},"7":{"start":{"line":12,"column":6},"end":{"line":12,"column":23}},"8":{"start":{"line":14,"column":6},"end":{"line":14,"column":69}},"9":{"start":{"line":15,"column":6},"end":{"line":15,"column":72}},"10":{"start":{"line":20,"column":4},"end":{"line":29,"column":5}},"11":{"start":{"line":21,"column":21},"end":{"line":21,"column":64}},"12":{"start":{"line":22,"column":6},"end":{"line":22,"column":35}},"13":{"start":{"line":24,"column":6},"end":{"line":24,"column":61}},"14":{"start":{"line":25,"column":6},"end":{"line":27,"column":7}},"15":{"start":{"line":26,"column":8},"end":{"line":26,"column":62}},"16":{"start":{"line":28,"column":6},"end":{"line":28,"column":73}},"17":{"start":{"line":33,"column":4},"end":{"line":43,"column":5}},"18":{"start":{"line":34,"column":28},"end":{"line":34,"column":38}},"19":{"start":{"line":35,"column":21},"end":{"line":35,"column":75}},"20":{"start":{"line":36,"column":6},"end":{"line":38,"column":7}},"21":{"start":{"line":37,"column":8},"end":{"line":37,"column":75}},"22":{"start":{"line":39,"column":6},"end":{"line":39,"column":23}},"23":{"start":{"line":41,"column":6},"end":{"line":41,"column":61}},"24":{"start":{"line":42,"column":6},"end":{"line":42,"column":73}},"25":{"start":{"line":47,"column":4},"end":{"line":54,"column":5}},"26":{"start":{"line":48,"column":28},"end":{"line":48,"column":38}},"27":{"start":{"line":49,"column":21},"end":{"line":49,"column":75}},"28":{"start":{"line":50,"column":6},"end":{"line":50,"column":23}},"29":{"start":{"line":52,"column":6},"end":{"line":52,"column":61}},"30":{"start":{"line":53,"column":6},"end":{"line":53,"column":73}},"31":{"start":{"line":58,"column":0},"end":{"line":58,"column":47}}},"fnMap":{"0":{"name":"(anonymous_0)","decl":{"start":{"line":5,"column":2},"end":{"line":5,"column":3}},"loc":{"start":{"line":5,"column":33},"end":{"line":17,"column":3}},"line":5},"1":{"name":"(anonymous_1)","decl":{"start":{"line":19,"column":2},"end":{"line":19,"column":3}},"loc":{"start":{"line":19,"column":25},"end":{"line":30,"column":3}},"line":19},"2":{"name":"(anonymous_2)","decl":{"start":{"line":32,"column":2},"end":{"line":32,"column":3}},"loc":{"start":{"line":32,"column":25},"end":{"line":44,"column":3}},"line":32},"3":{"name":"(anonymous_3)","decl":{"start":{"line":46,"column":2},"end":{"line":46,"column":3}},"loc":{"start":{"line":46,"column":25},"end":{"line":55,"column":3}},"line":46}},"branchMap":{"0":{"loc":{"start":{"line":9,"column":6},"end":{"line":11,"column":7}},"type":"if","locations":[{"start":{"line":9,"column":6},"end":{"line":11,"column":7}},{"start":{},"end":{}}],"line":9},"1":{"loc":{"start":{"line":25,"column":6},"end":{"line":27,"column":7}},"type":"if","locations":[{"start":{"line":25,"column":6},"end":{"line":27,"column":7}},{"start":{},"end":{}}],"line":25},"2":{"loc":{"start":{"line":36,"column":6},"end":{"line":38,"column":7}},"type":"if","locations":[{"start":{"line":36,"column":6},"end":{"line":38,"column":7}},{"start":{},"end":{}}],"line":36}},"s":{"0":1,"1":1,"2":1,"3":1,"4":1,"5":1,"6":1,"7":0,"8":0,"9":0,"10":0,"11":0,"12":0,"13":0,"14":0,"15":0,"16":0,"17":0,"18":0,"19":0,"20":0,"21":0,"22":0,"23":0,"24":0,"25":0,"26":0,"27":0,"28":0,"29":0,"30":0,"31":1},"f":{"0":1,"1":0,"2":0,"3":0},"b":{"0":[1,0],"1":[0,0],"2":[0,0]},"_coverageSchema":"1a1c01bbd47fc00a2c39e90264f33305004495a9","hash":"6472970d806d81340570271c23a15281617ebd27"}
,"/Users/benjamincataldolopez/Desktop/Proyectos/2026/dentalLINK/backend/src/controllers/PatientController.js": {"path":"/Users/benjamincataldolopez/Desktop/Proyectos/2026/dentalLINK/backend/src/controllers/PatientController.js","statementMap":{"0":{"start":{"line":1,"column":23},"end":{"line":1,"column":60}},"1":{"start":{"line":2,"column":15},"end":{"line":2,"column":41}},"2":{"start":{"line":6,"column":4},"end":{"line":12,"column":5}},"3":{"start":{"line":7,"column":23},"end":{"line":7,"column":53}},"4":{"start":{"line":8,"column":6},"end":{"line":8,"column":25}},"5":{"start":{"line":10,"column":6},"end":{"line":10,"column":55}},"6":{"start":{"line":11,"column":6},"end":{"line":11,"column":66}},"7":{"start":{"line":16,"column":4},"end":{"line":26,"column":5}},"8":{"start":{"line":17,"column":21},"end":{"line":17,"column":31}},"9":{"start":{"line":18,"column":22},"end":{"line":18,"column":55}},"10":{"start":{"line":19,"column":6},"end":{"line":21,"column":7}},"11":{"start":{"line":20,"column":8},"end":{"line":20,"column":68}},"12":{"start":{"line":22,"column":6},"end":{"line":22,"column":24}},"13":{"start":{"line":24,"column":6},"end":{"line":24,"column":55}},"14":{"start":{"line":25,"column":6},"end":{"line":25,"column":65}},"15":{"start":{"line":30,"column":4},"end":{"line":39,"column":5}},"16":{"start":{"line":31,"column":22},"end":{"line":31,"column":59}},"17":{"start":{"line":32,"column":6},"end":{"line":32,"column":36}},"18":{"start":{"line":34,"column":6},"end":{"line":34,"column":54}},"19":{"start":{"line":35,"column":6},"end":{"line":37,"column":7}},"20":{"start":{"line":36,"column":8},"end":{"line":36,"column":62}},"21":{"start":{"line":38,"column":6},"end":{"line":38,"column":66}},"22":{"start":{"line":43,"column":4},"end":{"line":56,"column":5}},"23":{"start":{"line":44,"column":21},"end":{"line":44,"column":31}},"24":{"start":{"line":45,"column":22},"end":{"line":45,"column":63}},"25":{"start":{"line":46,"column":6},"end":{"line":48,"column":7}},"26":{"start":{"line":47,"column":8},"end":{"line":47,"column":68}},"27":{"start":{"line":49,"column":6},"end":{"line":49,"column":24}},"28":{"start":{"line":51,"column":6},"end":{"line":51,"column":54}},"29":{"start":{"line":52,"column":6},"end":{"line":54,"column":7}},"30":{"start":{"line":53,"column":8},"end":{"line":53,"column":62}},"31":{"start":{"line":55,"column":6},"end":{"line":55,"column":66}},"32":{"start":{"line":60,"column":4},"end":{"line":70,"column":5}},"33":{"start":{"line":61,"column":21},"end":{"line":61,"column":31}},"34":{"start":{"line":62,"column":22},"end":{"line":62,"column":53}},"35":{"start":{"line":63,"column":6},"end":{"line":65,"column":7}},"36":{"start":{"line":64,"column":8},"end":{"line":64,"column":68}},"37":{"start":{"line":66,"column":6},"end":{"line":66,"column":29}},"38":{"start":{"line":68,"column":6},"end":{"line":68,"column":54}},"39":{"start":{"line":69,"column":6},"end":{"line":69,"column":66}},"40":{"start":{"line":74,"column":4},"end":{"line":84,"column":5}},"41":{"start":{"line":75,"column":20},"end":{"line":75,"column":29}},"42":{"start":{"line":76,"column":6},"end":{"line":78,"column":7}},"43":{"start":{"line":77,"column":8},"end":{"line":77,"column":75}},"44":{"start":{"line":79,"column":23},"end":{"line":79,"column":53}},"45":{"start":{"line":80,"column":6},"end":{"line":80,"column":25}},"46":{"start":{"line":82,"column":6},"end":{"line":82,"column":55}},"47":{"start":{"line":83,"column":6},"end":{"line":83,"column":67}},"48":{"start":{"line":88,"column":0},"end":{"line":88,"column":41}}},"fnMap":{"0":{"name":"(anonymous_0)","decl":{"start":{"line":5,"column":2},"end":{"line":5,"column":3}},"loc":{"start":{"line":5,"column":25},"end":{"line":13,"column":3}},"line":5},"1":{"name":"(anonymous_1)","decl":{"start":{"line":15,"column":2},"end":{"line":15,"column":3}},"loc":{"start":{"line":15,"column":26},"end":{"line":27,"column":3}},"line":15},"2":{"name":"(anonymous_2)","decl":{"start":{"line":29,"column":2},"end":{"line":29,"column":3}},"loc":{"start":{"line":29,"column":25},"end":{"line":40,"column":3}},"line":29},"3":{"name":"(anonymous_3)","decl":{"start":{"line":42,"column":2},"end":{"line":42,"column":3}},"loc":{"start":{"line":42,"column":25},"end":{"line":57,"column":3}},"line":42},"4":{"name":"(anonymous_4)","decl":{"start":{"line":59,"column":2},"end":{"line":59,"column":3}},"loc":{"start":{"line":59,"column":25},"end":{"line":71,"column":3}},"line":59},"5":{"name":"(anonymous_5)","decl":{"start":{"line":73,"column":2},"end":{"line":73,"column":3}},"loc":{"start":{"line":73,"column":25},"end":{"line":85,"column":3}},"line":73}},"branchMap":{"0":{"loc":{"start":{"line":19,"column":6},"end":{"line":21,"column":7}},"type":"if","locations":[{"start":{"line":19,"column":6},"end":{"line":21,"column":7}},{"start":{},"end":{}}],"line":19},"1":{"loc":{"start":{"line":35,"column":6},"end":{"line":37,"column":7}},"type":"if","locations":[{"start":{"line":35,"column":6},"end":{"line":37,"column":7}},{"start":{},"end":{}}],"line":35},"2":{"loc":{"start":{"line":46,"column":6},"end":{"line":48,"column":7}},"type":"if","locations":[{"start":{"line":46,"column":6},"end":{"line":48,"column":7}},{"start":{},"end":{}}],"line":46},"3":{"loc":{"start":{"line":52,"column":6},"end":{"line":54,"column":7}},"type":"if","locations":[{"start":{"line":52,"column":6},"end":{"line":54,"column":7}},{"start":{},"end":{}}],"line":52},"4":{"loc":{"start":{"line":63,"column":6},"end":{"line":65,"column":7}},"type":"if","locations":[{"start":{"line":63,"column":6},"end":{"line":65,"column":7}},{"start":{},"end":{}}],"line":63},"5":{"loc":{"start":{"line":76,"column":6},"end":{"line":78,"column":7}},"type":"if","locations":[{"start":{"line":76,"column":6},"end":{"line":78,"column":7}},{"start":{},"end":{}}],"line":76}},"s":{"0":1,"1":1,"2":1,"3":1,"4":1,"5":0,"6":0,"7":0,"8":0,"9":0,"10":0,"11":0,"12":0,"13":0,"14":0,"15":1,"16":1,"17":1,"18":0,"19":0,"20":0,"21":0,"22":0,"23":0,"24":0,"25":0,"26":0,"27":0,"28":0,"29":0,"30":0,"31":0,"32":0,"33":0,"34":0,"35":0,"36":0,"37":0,"38":0,"39":0,"40":0,"41":0,"42":0,"43":0,"44":0,"45":0,"46":0,"47":0,"48":1},"f":{"0":1,"1":0,"2":1,"3":0,"4":0,"5":0},"b":{"0":[0,0],"1":[0,0],"2":[0,0],"3":[0,0],"4":[0,0],"5":[0,0]},"_coverageSchema":"1a1c01bbd47fc00a2c39e90264f33305004495a9","hash":"0fe5bdfea395904aa2c525b85b61fb0accdc65e0"}
,"/Users/benjamincataldolopez/Desktop/Proyectos/2026/dentalLINK/backend/src/controllers/TreatmentController.js": {"path":"/Users/benjamincataldolopez/Desktop/Proyectos/2026/dentalLINK/backend/src/controllers/TreatmentController.js","statementMap":{"0":{"start":{"line":1,"column":25},"end":{"line":1,"column":64}},"1":{"start":{"line":2,"column":15},"end":{"line":2,"column":41}},"2":{"start":{"line":6,"column":4},"end":{"line":12,"column":5}},"3":{"start":{"line":7,"column":25},"end":{"line":7,"column":57}},"4":{"start":{"line":8,"column":6},"end":{"line":8,"column":27}},"5":{"start":{"line":10,"column":6},"end":{"line":10,"column":57}},"6":{"start":{"line":11,"column":6},"end":{"line":11,"column":68}},"7":{"start":{"line":16,"column":4},"end":{"line":26,"column":5}},"8":{"start":{"line":17,"column":21},"end":{"line":17,"column":31}},"9":{"start":{"line":18,"column":24},"end":{"line":18,"column":59}},"10":{"start":{"line":19,"column":6},"end":{"line":21,"column":7}},"11":{"start":{"line":20,"column":8},"end":{"line":20,"column":70}},"12":{"start":{"line":22,"column":6},"end":{"line":22,"column":26}},"13":{"start":{"line":24,"column":6},"end":{"line":24,"column":57}},"14":{"start":{"line":25,"column":6},"end":{"line":25,"column":67}},"15":{"start":{"line":30,"column":4},"end":{"line":36,"column":5}},"16":{"start":{"line":31,"column":24},"end":{"line":31,"column":63}},"17":{"start":{"line":32,"column":6},"end":{"line":32,"column":38}},"18":{"start":{"line":34,"column":6},"end":{"line":34,"column":56}},"19":{"start":{"line":35,"column":6},"end":{"line":35,"column":68}},"20":{"start":{"line":40,"column":4},"end":{"line":50,"column":5}},"21":{"start":{"line":41,"column":21},"end":{"line":41,"column":31}},"22":{"start":{"line":42,"column":24},"end":{"line":42,"column":67}},"23":{"start":{"line":43,"column":6},"end":{"line":45,"column":7}},"24":{"start":{"line":44,"column":8},"end":{"line":44,"column":70}},"25":{"start":{"line":46,"column":6},"end":{"line":46,"column":26}},"26":{"start":{"line":48,"column":6},"end":{"line":48,"column":56}},"27":{"start":{"line":49,"column":6},"end":{"line":49,"column":68}},"28":{"start":{"line":54,"column":4},"end":{"line":64,"column":5}},"29":{"start":{"line":55,"column":21},"end":{"line":55,"column":31}},"30":{"start":{"line":56,"column":22},"end":{"line":56,"column":55}},"31":{"start":{"line":57,"column":6},"end":{"line":59,"column":7}},"32":{"start":{"line":58,"column":8},"end":{"line":58,"column":70}},"33":{"start":{"line":60,"column":6},"end":{"line":60,"column":29}},"34":{"start":{"line":62,"column":6},"end":{"line":62,"column":56}},"35":{"start":{"line":63,"column":6},"end":{"line":63,"column":68}},"36":{"start":{"line":68,"column":0},"end":{"line":68,"column":43}}},"fnMap":{"0":{"name":"(anonymous_0)","decl":{"start":{"line":5,"column":2},"end":{"line":5,"column":3}},"loc":{"start":{"line":5,"column":25},"end":{"line":13,"column":3}},"line":5},"1":{"name":"(anonymous_1)","decl":{"start":{"line":15,"column":2},"end":{"line":15,"column":3}},"loc":{"start":{"line":15,"column":26},"end":{"line":27,"column":3}},"line":15},"2":{"name":"(anonymous_2)","decl":{"start":{"line":29,"column":2},"end":{"line":29,"column":3}},"loc":{"start":{"line":29,"column":25},"end":{"line":37,"column":3}},"line":29},"3":{"name":"(anonymous_3)","decl":{"start":{"line":39,"column":2},"end":{"line":39,"column":3}},"loc":{"start":{"line":39,"column":25},"end":{"line":51,"column":3}},"line":39},"4":{"name":"(anonymous_4)","decl":{"start":{"line":53,"column":2},"end":{"line":53,"column":3}},"loc":{"start":{"line":53,"column":25},"end":{"line":65,"column":3}},"line":53}},"branchMap":{"0":{"loc":{"start":{"line":19,"column":6},"end":{"line":21,"column":7}},"type":"if","locations":[{"start":{"line":19,"column":6},"end":{"line":21,"column":7}},{"start":{},"end":{}}],"line":19},"1":{"loc":{"start":{"line":43,"column":6},"end":{"line":45,"column":7}},"type":"if","locations":[{"start":{"line":43,"column":6},"end":{"line":45,"column":7}},{"start":{},"end":{}}],"line":43},"2":{"loc":{"start":{"line":57,"column":6},"end":{"line":59,"column":7}},"type":"if","locations":[{"start":{"line":57,"column":6},"end":{"line":59,"column":7}},{"start":{},"end":{}}],"line":57}},"s":{"0":1,"1":1,"2":1,"3":1,"4":1,"5":0,"6":0,"7":0,"8":0,"9":0,"10":0,"11":0,"12":0,"13":0,"14":0,"15":1,"16":1,"17":1,"18":0,"19":0,"20":0,"21":0,"22":0,"23":0,"24":0,"25":0,"26":0,"27":0,"28":0,"29":0,"30":0,"31":0,"32":0,"33":0,"34":0,"35":0,"36":1},"f":{"0":1,"1":0,"2":1,"3":0,"4":0},"b":{"0":[0,0],"1":[0,0],"2":[0,0]},"_coverageSchema":"1a1c01bbd47fc00a2c39e90264f33305004495a9","hash":"df90166ad80f16119f6ab159b309ee595df919a7"}
,"/Users/benjamincataldolopez/Desktop/Proyectos/2026/dentalLINK/backend/src/middleware/errorHandler.js": {"path":"/Users/benjamincataldolopez/Desktop/Proyectos/2026/dentalLINK/backend/src/middleware/errorHandler.js","statementMap":{"0":{"start":{"line":1,"column":15},"end":{"line":1,"column":41}},"1":{"start":{"line":3,"column":21},"end":{"line":35,"column":1}},"2":{"start":{"line":4,"column":2},"end":{"line":9,"column":5}},"3":{"start":{"line":11,"column":2},"end":{"line":16,"column":3}},"4":{"start":{"line":12,"column":4},"end":{"line":15,"column":7}},"5":{"start":{"line":14,"column":38},"end":{"line":14,"column":75}},"6":{"start":{"line":18,"column":2},"end":{"line":23,"column":3}},"7":{"start":{"line":19,"column":4},"end":{"line":22,"column":7}},"8":{"start":{"line":21,"column":38},"end":{"line":21,"column":75}},"9":{"start":{"line":25,"column":2},"end":{"line":30,"column":3}},"10":{"start":{"line":26,"column":4},"end":{"line":29,"column":7}},"11":{"start":{"line":32,"column":2},"end":{"line":34,"column":5}},"12":{"start":{"line":37,"column":24},"end":{"line":39,"column":1}},"13":{"start":{"line":38,"column":2},"end":{"line":38,"column":53}},"14":{"start":{"line":41,"column":0},"end":{"line":41,"column":51}}},"fnMap":{"0":{"name":"(anonymous_0)","decl":{"start":{"line":3,"column":21},"end":{"line":3,"column":22}},"loc":{"start":{"line":3,"column":46},"end":{"line":35,"column":1}},"line":3},"1":{"name":"(anonymous_1)","decl":{"start":{"line":14,"column":30},"end":{"line":14,"column":31}},"loc":{"start":{"line":14,"column":38},"end":{"line":14,"column":75}},"line":14},"2":{"name":"(anonymous_2)","decl":{"start":{"line":21,"column":30},"end":{"line":21,"column":31}},"loc":{"start":{"line":21,"column":38},"end":{"line":21,"column":75}},"line":21},"3":{"name":"(anonymous_3)","decl":{"start":{"line":37,"column":24},"end":{"line":37,"column":25}},"loc":{"start":{"line":37,"column":38},"end":{"line":39,"column":1}},"line":37}},"branchMap":{"0":{"loc":{"start":{"line":11,"column":2},"end":{"line":16,"column":3}},"type":"if","locations":[{"start":{"line":11,"column":2},"end":{"line":16,"column":3}},{"start":{},"end":{}}],"line":11},"1":{"loc":{"start":{"line":18,"column":2},"end":{"line":23,"column":3}},"type":"if","locations":[{"start":{"line":18,"column":2},"end":{"line":23,"column":3}},{"start":{},"end":{}}],"line":18},"2":{"loc":{"start":{"line":25,"column":2},"end":{"line":30,"column":3}},"type":"if","locations":[{"start":{"line":25,"column":2},"end":{"line":30,"column":3}},{"start":{},"end":{}}],"line":25},"3":{"loc":{"start":{"line":32,"column":13},"end":{"line":32,"column":34}},"type":"binary-expr","locations":[{"start":{"line":32,"column":13},"end":{"line":32,"column":27}},{"start":{"line":32,"column":31},"end":{"line":32,"column":34}}],"line":32},"4":{"loc":{"start":{"line":33,"column":11},"end":{"line":33,"column":49}},"type":"binary-expr","locations":[{"start":{"line":33,"column":11},"end":{"line":33,"column":22}},{"start":{"line":33,"column":26},"end":{"line":33,"column":49}}],"line":33}},"s":{"0":1,"1":1,"2":0,"3":0,"4":0,"5":0,"6":0,"7":0,"8":0,"9":0,"10":0,"11":0,"12":1,"13":1,"14":1},"f":{"0":0,"1":0,"2":0,"3":1},"b":{"0":[0,0],"1":[0,0],"2":[0,0],"3":[0,0],"4":[0,0]},"_coverageSchema":"1a1c01bbd47fc00a2c39e90264f33305004495a9","hash":"6ca9a81654616a46d420c3b970d77a23f4155a7c"}
,"/Users/benjamincataldolopez/Desktop/Proyectos/2026/dentalLINK/backend/src/middleware/validation.js": {"path":"/Users/benjamincataldolopez/Desktop/Proyectos/2026/dentalLINK/backend/src/middleware/validation.js","statementMap":{"0":{"start":{"line":1,"column":42},"end":{"line":1,"column":70}},"1":{"start":{"line":3,"column":31},"end":{"line":9,"column":1}},"2":{"start":{"line":4,"column":17},"end":{"line":4,"column":38}},"3":{"start":{"line":5,"column":2},"end":{"line":7,"column":3}},"4":{"start":{"line":6,"column":4},"end":{"line":6,"column":60}},"5":{"start":{"line":8,"column":2},"end":{"line":8,"column":9}},"6":{"start":{"line":11,"column":31},"end":{"line":18,"column":1}},"7":{"start":{"line":20,"column":31},"end":{"line":27,"column":1}},"8":{"start":{"line":29,"column":33},"end":{"line":34,"column":1}},"9":{"start":{"line":36,"column":35},"end":{"line":44,"column":1}},"10":{"start":{"line":46,"column":37},"end":{"line":53,"column":1}},"11":{"start":{"line":55,"column":36},"end":{"line":62,"column":1}},"12":{"start":{"line":64,"column":26},"end":{"line":67,"column":1}},"13":{"start":{"line":69,"column":33},"end":{"line":72,"column":1}},"14":{"start":{"line":74,"column":24},"end":{"line":74,"column":75}},"15":{"start":{"line":75,"column":24},"end":{"line":75,"column":75}},"16":{"start":{"line":76,"column":26},"end":{"line":76,"column":79}},"17":{"start":{"line":77,"column":28},"end":{"line":77,"column":83}},"18":{"start":{"line":78,"column":30},"end":{"line":78,"column":87}},"19":{"start":{"line":79,"column":29},"end":{"line":79,"column":85}},"20":{"start":{"line":81,"column":0},"end":{"line":90,"column":2}}},"fnMap":{"0":{"name":"(anonymous_0)","decl":{"start":{"line":3,"column":31},"end":{"line":3,"column":32}},"loc":{"start":{"line":3,"column":51},"end":{"line":9,"column":1}},"line":3}},"branchMap":{"0":{"loc":{"start":{"line":5,"column":2},"end":{"line":7,"column":3}},"type":"if","locations":[{"start":{"line":5,"column":2},"end":{"line":7,"column":3}},{"start":{},"end":{}}],"line":5}},"s":{"0":1,"1":1,"2":6,"3":6,"4":2,"5":4,"6":1,"7":1,"8":1,"9":1,"10":1,"11":1,"12":1,"13":1,"14":1,"15":1,"16":1,"17":1,"18":1,"19":1,"20":1},"f":{"0":6},"b":{"0":[2,4]},"_coverageSchema":"1a1c01bbd47fc00a2c39e90264f33305004495a9","hash":"a1db5a5d471750c18452024c39d15d882a331372"}
,"/Users/benjamincataldolopez/Desktop/Proyectos/2026/dentalLINK/backend/src/models/Appointment.js": {"path":"/Users/benjamincataldolopez/Desktop/Proyectos/2026/dentalLINK/backend/src/models/Appointment.js","statementMap":{"0":{"start":{"line":1,"column":22},"end":{"line":1,"column":42}},"1":{"start":{"line":2,"column":22},"end":{"line":2,"column":51}},"2":{"start":{"line":4,"column":20},"end":{"line":60,"column":2}},"3":{"start":{"line":62,"column":0},"end":{"line":67,"column":2}},"4":{"start":{"line":63,"column":17},"end":{"line":63,"column":34}},"5":{"start":{"line":64,"column":2},"end":{"line":64,"column":26}},"6":{"start":{"line":65,"column":2},"end":{"line":65,"column":26}},"7":{"start":{"line":66,"column":2},"end":{"line":66,"column":16}},"8":{"start":{"line":69,"column":0},"end":{"line":69,"column":29}}},"fnMap":{"0":{"name":"(anonymous_0)","decl":{"start":{"line":62,"column":31},"end":{"line":62,"column":32}},"loc":{"start":{"line":62,"column":42},"end":{"line":67,"column":1}},"line":62}},"branchMap":{},"s":{"0":7,"1":7,"2":7,"3":7,"4":0,"5":0,"6":0,"7":0,"8":7},"f":{"0":0},"b":{},"_coverageSchema":"1a1c01bbd47fc00a2c39e90264f33305004495a9","hash":"fdd8ab084c6434af2b4422284c033f5986a955be"}
,"/Users/benjamincataldolopez/Desktop/Proyectos/2026/dentalLINK/backend/src/models/Cariogram.js": {"path":"/Users/benjamincataldolopez/Desktop/Proyectos/2026/dentalLINK/backend/src/models/Cariogram.js","statementMap":{"0":{"start":{"line":1,"column":22},"end":{"line":1,"column":42}},"1":{"start":{"line":2,"column":22},"end":{"line":2,"column":51}},"2":{"start":{"line":4,"column":18},"end":{"line":144,"column":2}},"3":{"start":{"line":146,"column":0},"end":{"line":151,"column":2}},"4":{"start":{"line":147,"column":17},"end":{"line":147,"column":34}},"5":{"start":{"line":148,"column":2},"end":{"line":148,"column":26}},"6":{"start":{"line":149,"column":2},"end":{"line":149,"column":26}},"7":{"start":{"line":150,"column":2},"end":{"line":150,"column":16}},"8":{"start":{"line":153,"column":0},"end":{"line":153,"column":27}}},"fnMap":{"0":{"name":"(anonymous_0)","decl":{"start":{"line":146,"column":29},"end":{"line":146,"column":30}},"loc":{"start":{"line":146,"column":40},"end":{"line":151,"column":1}},"line":146}},"branchMap":{},"s":{"0":7,"1":7,"2":7,"3":7,"4":0,"5":0,"6":0,"7":0,"8":7},"f":{"0":0},"b":{},"_coverageSchema":"1a1c01bbd47fc00a2c39e90264f33305004495a9","hash":"b855a492bad48db3e6831c762387aa4f3a09a024"}
,"/Users/benjamincataldolopez/Desktop/Proyectos/2026/dentalLINK/backend/src/models/DentalRecord.js": {"path":"/Users/benjamincataldolopez/Desktop/Proyectos/2026/dentalLINK/backend/src/models/DentalRecord.js","statementMap":{"0":{"start":{"line":1,"column":22},"end":{"line":1,"column":42}},"1":{"start":{"line":2,"column":22},"end":{"line":2,"column":51}},"2":{"start":{"line":4,"column":21},"end":{"line":63,"column":2}},"3":{"start":{"line":65,"column":0},"end":{"line":70,"column":2}},"4":{"start":{"line":66,"column":17},"end":{"line":66,"column":34}},"5":{"start":{"line":67,"column":2},"end":{"line":67,"column":26}},"6":{"start":{"line":68,"column":2},"end":{"line":68,"column":26}},"7":{"start":{"line":69,"column":2},"end":{"line":69,"column":16}},"8":{"start":{"line":72,"column":0},"end":{"line":72,"column":30}}},"fnMap":{"0":{"name":"(anonymous_0)","decl":{"start":{"line":65,"column":32},"end":{"line":65,"column":33}},"loc":{"start":{"line":65,"column":43},"end":{"line":70,"column":1}},"line":65}},"branchMap":{},"s":{"0":7,"1":7,"2":7,"3":7,"4":0,"5":0,"6":0,"7":0,"8":7},"f":{"0":0},"b":{},"_coverageSchema":"1a1c01bbd47fc00a2c39e90264f33305004495a9","hash":"bd0592033d220cac7967bf0be1394d778e2971d0"}
,"/Users/benjamincataldolopez/Desktop/Proyectos/2026/dentalLINK/backend/src/models/Dentist.js": {"path":"/Users/benjamincataldolopez/Desktop/Proyectos/2026/dentalLINK/backend/src/models/Dentist.js","statementMap":{"0":{"start":{"line":1,"column":22},"end":{"line":1,"column":42}},"1":{"start":{"line":2,"column":22},"end":{"line":2,"column":51}},"2":{"start":{"line":4,"column":16},"end":{"line":45,"column":2}},"3":{"start":{"line":47,"column":0},"end":{"line":52,"column":2}},"4":{"start":{"line":48,"column":17},"end":{"line":48,"column":34}},"5":{"start":{"line":49,"column":2},"end":{"line":49,"column":26}},"6":{"start":{"line":50,"column":2},"end":{"line":50,"column":26}},"7":{"start":{"line":51,"column":2},"end":{"line":51,"column":16}},"8":{"start":{"line":54,"column":0},"end":{"line":54,"column":25}}},"fnMap":{"0":{"name":"(anonymous_0)","decl":{"start":{"line":47,"column":27},"end":{"line":47,"column":28}},"loc":{"start":{"line":47,"column":38},"end":{"line":52,"column":1}},"line":47}},"branchMap":{},"s":{"0":7,"1":7,"2":7,"3":7,"4":0,"5":0,"6":0,"7":0,"8":7},"f":{"0":0},"b":{},"_coverageSchema":"1a1c01bbd47fc00a2c39e90264f33305004495a9","hash":"3bf2c3935a232bff03061145cfc75d7ec2389d64"}
,"/Users/benjamincataldolopez/Desktop/Proyectos/2026/dentalLINK/backend/src/models/MedicalRecord.js": {"path":"/Users/benjamincataldolopez/Desktop/Proyectos/2026/dentalLINK/backend/src/models/MedicalRecord.js","statementMap":{"0":{"start":{"line":1,"column":22},"end":{"line":1,"column":42}},"1":{"start":{"line":2,"column":22},"end":{"line":2,"column":51}},"2":{"start":{"line":4,"column":22},"end":{"line":50,"column":2}},"3":{"start":{"line":52,"column":0},"end":{"line":57,"column":2}},"4":{"start":{"line":53,"column":17},"end":{"line":53,"column":34}},"5":{"start":{"line":54,"column":2},"end":{"line":54,"column":26}},"6":{"start":{"line":55,"column":2},"end":{"line":55,"column":26}},"7":{"start":{"line":56,"column":2},"end":{"line":56,"column":16}},"8":{"start":{"line":59,"column":0},"end":{"line":59,"column":31}}},"fnMap":{"0":{"name":"(anonymous_0)","decl":{"start":{"line":52,"column":33},"end":{"line":52,"column":34}},"loc":{"start":{"line":52,"column":44},"end":{"line":57,"column":1}},"line":52}},"branchMap":{},"s":{"0":7,"1":7,"2":7,"3":7,"4":0,"5":0,"6":0,"7":0,"8":7},"f":{"0":0},"b":{},"_coverageSchema":"1a1c01bbd47fc00a2c39e90264f33305004495a9","hash":"67ca1fcc8c9424a6b67300bdf7c0dada72309e1d"}
,"/Users/benjamincataldolopez/Desktop/Proyectos/2026/dentalLINK/backend/src/models/Patient.js": {"path":"/Users/benjamincataldolopez/Desktop/Proyectos/2026/dentalLINK/backend/src/models/Patient.js","statementMap":{"0":{"start":{"line":1,"column":22},"end":{"line":1,"column":42}},"1":{"start":{"line":2,"column":22},"end":{"line":2,"column":51}},"2":{"start":{"line":4,"column":16},"end":{"line":44,"column":2}},"3":{"start":{"line":46,"column":0},"end":{"line":51,"column":2}},"4":{"start":{"line":47,"column":17},"end":{"line":47,"column":34}},"5":{"start":{"line":48,"column":2},"end":{"line":48,"column":26}},"6":{"start":{"line":49,"column":2},"end":{"line":49,"column":26}},"7":{"start":{"line":50,"column":2},"end":{"line":50,"column":16}},"8":{"start":{"line":53,"column":0},"end":{"line":53,"column":25}}},"fnMap":{"0":{"name":"(anonymous_0)","decl":{"start":{"line":46,"column":27},"end":{"line":46,"column":28}},"loc":{"start":{"line":46,"column":38},"end":{"line":51,"column":1}},"line":46}},"branchMap":{},"s":{"0":7,"1":7,"2":7,"3":7,"4":0,"5":0,"6":0,"7":0,"8":7},"f":{"0":0},"b":{},"_coverageSchema":"1a1c01bbd47fc00a2c39e90264f33305004495a9","hash":"e46e40155882bd6a51a1f885cf8e531c2dfa59a8"}
,"/Users/benjamincataldolopez/Desktop/Proyectos/2026/dentalLINK/backend/src/models/ToothRecord.js": {"path":"/Users/benjamincataldolopez/Desktop/Proyectos/2026/dentalLINK/backend/src/models/ToothRecord.js","statementMap":{"0":{"start":{"line":1,"column":22},"end":{"line":1,"column":42}},"1":{"start":{"line":2,"column":22},"end":{"line":2,"column":51}},"2":{"start":{"line":4,"column":20},"end":{"line":69,"column":2}},"3":{"start":{"line":71,"column":0},"end":{"line":76,"column":2}},"4":{"start":{"line":72,"column":17},"end":{"line":72,"column":34}},"5":{"start":{"line":73,"column":2},"end":{"line":73,"column":26}},"6":{"start":{"line":74,"column":2},"end":{"line":74,"column":26}},"7":{"start":{"line":75,"column":2},"end":{"line":75,"column":16}},"8":{"start":{"line":78,"column":0},"end":{"line":78,"column":29}}},"fnMap":{"0":{"name":"(anonymous_0)","decl":{"start":{"line":71,"column":31},"end":{"line":71,"column":32}},"loc":{"start":{"line":71,"column":42},"end":{"line":76,"column":1}},"line":71}},"branchMap":{},"s":{"0":7,"1":7,"2":7,"3":7,"4":0,"5":0,"6":0,"7":0,"8":7},"f":{"0":0},"b":{},"_coverageSchema":"1a1c01bbd47fc00a2c39e90264f33305004495a9","hash":"727d12778929ae19ee741f3e1e5357ee707ee7b4"}
,"/Users/benjamincataldolopez/Desktop/Proyectos/2026/dentalLINK/backend/src/models/Treatment.js": {"path":"/Users/benjamincataldolopez/Desktop/Proyectos/2026/dentalLINK/backend/src/models/Treatment.js","statementMap":{"0":{"start":{"line":1,"column":22},"end":{"line":1,"column":42}},"1":{"start":{"line":2,"column":22},"end":{"line":2,"column":51}},"2":{"start":{"line":4,"column":18},"end":{"line":31,"column":2}},"3":{"start":{"line":33,"column":0},"end":{"line":38,"column":2}},"4":{"start":{"line":34,"column":17},"end":{"line":34,"column":34}},"5":{"start":{"line":35,"column":2},"end":{"line":35,"column":26}},"6":{"start":{"line":36,"column":2},"end":{"line":36,"column":26}},"7":{"start":{"line":37,"column":2},"end":{"line":37,"column":16}},"8":{"start":{"line":40,"column":0},"end":{"line":40,"column":27}}},"fnMap":{"0":{"name":"(anonymous_0)","decl":{"start":{"line":33,"column":29},"end":{"line":33,"column":30}},"loc":{"start":{"line":33,"column":40},"end":{"line":38,"column":1}},"line":33}},"branchMap":{},"s":{"0":7,"1":7,"2":7,"3":7,"4":0,"5":0,"6":0,"7":0,"8":7},"f":{"0":0},"b":{},"_coverageSchema":"1a1c01bbd47fc00a2c39e90264f33305004495a9","hash":"4a5f982900b5142b3a574d8205dad33459985c92"}
,"/Users/benjamincataldolopez/Desktop/Proyectos/2026/dentalLINK/backend/src/models/index.js": {"path":"/Users/benjamincataldolopez/Desktop/Proyectos/2026/dentalLINK/backend/src/models/index.js","statementMap":{"0":{"start":{"line":1,"column":16},"end":{"line":1,"column":36}},"1":{"start":{"line":2,"column":16},"end":{"line":2,"column":36}},"2":{"start":{"line":3,"column":18},"end":{"line":3,"column":40}},"3":{"start":{"line":4,"column":20},"end":{"line":4,"column":44}},"4":{"start":{"line":5,"column":22},"end":{"line":5,"column":48}},"5":{"start":{"line":6,"column":21},"end":{"line":6,"column":46}},"6":{"start":{"line":7,"column":20},"end":{"line":7,"column":44}},"7":{"start":{"line":8,"column":18},"end":{"line":8,"column":40}},"8":{"start":{"line":10,"column":0},"end":{"line":10,"column":75}},"9":{"start":{"line":11,"column":0},"end":{"line":11,"column":75}},"10":{"start":{"line":12,"column":0},"end":{"line":12,"column":81}},"11":{"start":{"line":14,"column":0},"end":{"line":14,"column":78}},"12":{"start":{"line":15,"column":0},"end":{"line":15,"column":78}},"13":{"start":{"line":16,"column":0},"end":{"line":16,"column":82}},"14":{"start":{"line":18,"column":0},"end":{"line":18,"column":77}},"15":{"start":{"line":19,"column":0},"end":{"line":19,"column":77}},"16":{"start":{"line":21,"column":0},"end":{"line":21,"column":80}},"17":{"start":{"line":22,"column":0},"end":{"line":22,"column":82}},"18":{"start":{"line":24,"column":0},"end":{"line":24,"column":76}},"19":{"start":{"line":25,"column":0},"end":{"line":25,"column":86}},"20":{"start":{"line":26,"column":0},"end":{"line":26,"column":81}},"21":{"start":{"line":28,"column":0},"end":{"line":28,"column":90}},"22":{"start":{"line":30,"column":0},"end":{"line":30,"column":78}},"23":{"start":{"line":32,"column":0},"end":{"line":32,"column":73}},"24":{"start":{"line":33,"column":0},"end":{"line":33,"column":73}},"25":{"start":{"line":35,"column":0},"end":{"line":35,"column":72}},"26":{"start":{"line":37,"column":0},"end":{"line":46,"column":2}}},"fnMap":{},"branchMap":{},"s":{"0":7,"1":7,"2":7,"3":7,"4":7,"5":7,"6":7,"7":7,"8":7,"9":7,"10":7,"11":7,"12":7,"13":7,"14":7,"15":7,"16":7,"17":7,"18":7,"19":7,"20":7,"21":7,"22":7,"23":7,"24":7,"25":7,"26":7},"f":{},"b":{},"_coverageSchema":"1a1c01bbd47fc00a2c39e90264f33305004495a9","hash":"0893ca92965253e358764f7863c8cc8033a6bab9"}
,"/Users/benjamincataldolopez/Desktop/Proyectos/2026/dentalLINK/backend/src/routes/appointmentRoutes.js": {"path":"/Users/benjamincataldolopez/Desktop/Proyectos/2026/dentalLINK/backend/src/routes/appointmentRoutes.js","statementMap":{"0":{"start":{"line":1,"column":16},"end":{"line":1,"column":34}},"1":{"start":{"line":2,"column":15},"end":{"line":2,"column":31}},"2":{"start":{"line":3,"column":30},"end":{"line":3,"column":77}},"3":{"start":{"line":4,"column":32},"end":{"line":4,"column":67}},"4":{"start":{"line":6,"column":0},"end":{"line":6,"column":46}},"5":{"start":{"line":7,"column":0},"end":{"line":7,"column":53}},"6":{"start":{"line":8,"column":0},"end":{"line":8,"column":59}},"7":{"start":{"line":9,"column":0},"end":{"line":9,"column":50}},"8":{"start":{"line":10,"column":0},"end":{"line":10,"column":68}},"9":{"start":{"line":11,"column":0},"end":{"line":11,"column":70}},"10":{"start":{"line":12,"column":0},"end":{"line":12,"column":52}},"11":{"start":{"line":14,"column":0},"end":{"line":14,"column":24}}},"fnMap":{},"branchMap":{},"s":{"0":1,"1":1,"2":1,"3":1,"4":1,"5":1,"6":1,"7":1,"8":1,"9":1,"10":1,"11":1},"f":{},"b":{},"_coverageSchema":"1a1c01bbd47fc00a2c39e90264f33305004495a9","hash":"e3accd012e330ca5e781447eaa0d59e20b731301"}
,"/Users/benjamincataldolopez/Desktop/Proyectos/2026/dentalLINK/backend/src/routes/cariogramRoutes.js": {"path":"/Users/benjamincataldolopez/Desktop/Proyectos/2026/dentalLINK/backend/src/routes/cariogramRoutes.js","statementMap":{"0":{"start":{"line":1,"column":16},"end":{"line":1,"column":34}},"1":{"start":{"line":2,"column":15},"end":{"line":2,"column":31}},"2":{"start":{"line":3,"column":28},"end":{"line":3,"column":73}},"3":{"start":{"line":5,"column":0},"end":{"line":5,"column":62}},"4":{"start":{"line":6,"column":0},"end":{"line":6,"column":45}},"5":{"start":{"line":7,"column":0},"end":{"line":7,"column":54}},"6":{"start":{"line":8,"column":0},"end":{"line":8,"column":56}},"7":{"start":{"line":10,"column":0},"end":{"line":10,"column":24}}},"fnMap":{},"branchMap":{},"s":{"0":1,"1":1,"2":1,"3":1,"4":1,"5":1,"6":1,"7":1},"f":{},"b":{},"_coverageSchema":"1a1c01bbd47fc00a2c39e90264f33305004495a9","hash":"ea5d648bba20bf10b1f89ecce3bdb531ecd91220"}
,"/Users/benjamincataldolopez/Desktop/Proyectos/2026/dentalLINK/backend/src/routes/dentalRecordRoutes.js": {"path":"/Users/benjamincataldolopez/Desktop/Proyectos/2026/dentalLINK/backend/src/routes/dentalRecordRoutes.js","statementMap":{"0":{"start":{"line":1,"column":16},"end":{"line":1,"column":34}},"1":{"start":{"line":2,"column":15},"end":{"line":2,"column":31}},"2":{"start":{"line":3,"column":31},"end":{"line":3,"column":79}},"3":{"start":{"line":4,"column":33},"end":{"line":4,"column":68}},"4":{"start":{"line":6,"column":0},"end":{"line":6,"column":65}},"5":{"start":{"line":7,"column":0},"end":{"line":7,"column":70}},"6":{"start":{"line":8,"column":0},"end":{"line":8,"column":79}},"7":{"start":{"line":10,"column":0},"end":{"line":10,"column":24}}},"fnMap":{},"branchMap":{},"s":{"0":1,"1":1,"2":1,"3":1,"4":1,"5":1,"6":1,"7":1},"f":{},"b":{},"_coverageSchema":"1a1c01bbd47fc00a2c39e90264f33305004495a9","hash":"958f89546ba9e61fb7e74284840381fd0ff58ec7"}
,"/Users/benjamincataldolopez/Desktop/Proyectos/2026/dentalLINK/backend/src/routes/dentistRoutes.js": {"path":"/Users/benjamincataldolopez/Desktop/Proyectos/2026/dentalLINK/backend/src/routes/dentistRoutes.js","statementMap":{"0":{"start":{"line":1,"column":16},"end":{"line":1,"column":34}},"1":{"start":{"line":2,"column":15},"end":{"line":2,"column":31}},"2":{"start":{"line":3,"column":26},"end":{"line":3,"column":69}},"3":{"start":{"line":4,"column":28},"end":{"line":4,"column":63}},"4":{"start":{"line":6,"column":0},"end":{"line":6,"column":42}},"5":{"start":{"line":7,"column":0},"end":{"line":7,"column":46}},"6":{"start":{"line":8,"column":0},"end":{"line":8,"column":60}},"7":{"start":{"line":9,"column":0},"end":{"line":9,"column":62}},"8":{"start":{"line":10,"column":0},"end":{"line":10,"column":48}},"9":{"start":{"line":12,"column":0},"end":{"line":12,"column":24}}},"fnMap":{},"branchMap":{},"s":{"0":1,"1":1,"2":1,"3":1,"4":1,"5":1,"6":1,"7":1,"8":1,"9":1},"f":{},"b":{},"_coverageSchema":"1a1c01bbd47fc00a2c39e90264f33305004495a9","hash":"5d270883e564c7990cccf37e1617d9a3844728c5"}
,"/Users/benjamincataldolopez/Desktop/Proyectos/2026/dentalLINK/backend/src/routes/medicalRecordRoutes.js": {"path":"/Users/benjamincataldolopez/Desktop/Proyectos/2026/dentalLINK/backend/src/routes/medicalRecordRoutes.js","statementMap":{"0":{"start":{"line":1,"column":16},"end":{"line":1,"column":34}},"1":{"start":{"line":2,"column":15},"end":{"line":2,"column":31}},"2":{"start":{"line":3,"column":32},"end":{"line":3,"column":81}},"3":{"start":{"line":4,"column":34},"end":{"line":4,"column":69}},"4":{"start":{"line":6,"column":0},"end":{"line":6,"column":66}},"5":{"start":{"line":7,"column":0},"end":{"line":7,"column":72}},"6":{"start":{"line":8,"column":0},"end":{"line":8,"column":81}},"7":{"start":{"line":10,"column":0},"end":{"line":10,"column":24}}},"fnMap":{},"branchMap":{},"s":{"0":1,"1":1,"2":1,"3":1,"4":1,"5":1,"6":1,"7":1},"f":{},"b":{},"_coverageSchema":"1a1c01bbd47fc00a2c39e90264f33305004495a9","hash":"f18a8370b038ae81f948a98348a80c616758ff19"}
,"/Users/benjamincataldolopez/Desktop/Proyectos/2026/dentalLINK/backend/src/routes/patientRoutes.js": {"path":"/Users/benjamincataldolopez/Desktop/Proyectos/2026/dentalLINK/backend/src/routes/patientRoutes.js","statementMap":{"0":{"start":{"line":1,"column":16},"end":{"line":1,"column":34}},"1":{"start":{"line":2,"column":15},"end":{"line":2,"column":31}},"2":{"start":{"line":3,"column":26},"end":{"line":3,"column":69}},"3":{"start":{"line":4,"column":28},"end":{"line":4,"column":63}},"4":{"start":{"line":6,"column":0},"end":{"line":6,"column":42}},"5":{"start":{"line":7,"column":0},"end":{"line":7,"column":48}},"6":{"start":{"line":8,"column":0},"end":{"line":8,"column":46}},"7":{"start":{"line":9,"column":0},"end":{"line":9,"column":60}},"8":{"start":{"line":10,"column":0},"end":{"line":10,"column":62}},"9":{"start":{"line":11,"column":0},"end":{"line":11,"column":48}},"10":{"start":{"line":13,"column":0},"end":{"line":13,"column":24}}},"fnMap":{},"branchMap":{},"s":{"0":1,"1":1,"2":1,"3":1,"4":1,"5":1,"6":1,"7":1,"8":1,"9":1,"10":1},"f":{},"b":{},"_coverageSchema":"1a1c01bbd47fc00a2c39e90264f33305004495a9","hash":"f9d7f10fa5e942142a0fb4959ad962f9ea2b5d6e"}
,"/Users/benjamincataldolopez/Desktop/Proyectos/2026/dentalLINK/backend/src/routes/treatmentRoutes.js": {"path":"/Users/benjamincataldolopez/Desktop/Proyectos/2026/dentalLINK/backend/src/routes/treatmentRoutes.js","statementMap":{"0":{"start":{"line":1,"column":16},"end":{"line":1,"column":34}},"1":{"start":{"line":2,"column":15},"end":{"line":2,"column":31}},"2":{"start":{"line":3,"column":28},"end":{"line":3,"column":73}},"3":{"start":{"line":4,"column":30},"end":{"line":4,"column":65}},"4":{"start":{"line":6,"column":0},"end":{"line":6,"column":44}},"5":{"start":{"line":7,"column":0},"end":{"line":7,"column":48}},"6":{"start":{"line":8,"column":0},"end":{"line":8,"column":64}},"7":{"start":{"line":9,"column":0},"end":{"line":9,"column":66}},"8":{"start":{"line":10,"column":0},"end":{"line":10,"column":50}},"9":{"start":{"line":12,"column":0},"end":{"line":12,"column":24}}},"fnMap":{},"branchMap":{},"s":{"0":1,"1":1,"2":1,"3":1,"4":1,"5":1,"6":1,"7":1,"8":1,"9":1},"f":{},"b":{},"_coverageSchema":"1a1c01bbd47fc00a2c39e90264f33305004495a9","hash":"e6c9b3e9a3751771a803ea646ca9bd7388614d28"}
,"/Users/benjamincataldolopez/Desktop/Proyectos/2026/dentalLINK/backend/src/services/AppointmentService.js": {"path":"/Users/benjamincataldolopez/Desktop/Proyectos/2026/dentalLINK/backend/src/services/AppointmentService.js","statementMap":{"0":{"start":{"line":1,"column":53},"end":{"line":1,"column":73}},"1":{"start":{"line":2,"column":15},"end":{"line":2,"column":41}},"2":{"start":{"line":6,"column":4},"end":{"line":34,"column":5}},"3":{"start":{"line":7,"column":20},"end":{"line":7,"column":22}},"4":{"start":{"line":8,"column":6},"end":{"line":10,"column":7}},"5":{"start":{"line":9,"column":8},"end":{"line":9,"column":38}},"6":{"start":{"line":11,"column":6},"end":{"line":13,"column":7}},"7":{"start":{"line":12,"column":8},"end":{"line":12,"column":45}},"8":{"start":{"line":14,"column":6},"end":{"line":16,"column":7}},"9":{"start":{"line":15,"column":8},"end":{"line":15,"column":44}},"10":{"start":{"line":17,"column":6},"end":{"line":19,"column":7}},"11":{"start":{"line":18,"column":8},"end":{"line":18,"column":44}},"12":{"start":{"line":21,"column":27},"end":{"line":29,"column":8}},"13":{"start":{"line":30,"column":6},"end":{"line":30,"column":26}},"14":{"start":{"line":32,"column":6},"end":{"line":32,"column":58}},"15":{"start":{"line":33,"column":6},"end":{"line":33,"column":18}},"16":{"start":{"line":38,"column":4},"end":{"line":53,"column":5}},"17":{"start":{"line":39,"column":26},"end":{"line":45,"column":8}},"18":{"start":{"line":46,"column":6},"end":{"line":48,"column":7}},"19":{"start":{"line":47,"column":8},"end":{"line":47,"column":20}},"20":{"start":{"line":49,"column":6},"end":{"line":49,"column":25}},"21":{"start":{"line":51,"column":6},"end":{"line":51,"column":63}},"22":{"start":{"line":52,"column":6},"end":{"line":52,"column":18}},"23":{"start":{"line":57,"column":4},"end":{"line":64,"column":5}},"24":{"start":{"line":58,"column":26},"end":{"line":58,"column":56}},"25":{"start":{"line":59,"column":6},"end":{"line":59,"column":68}},"26":{"start":{"line":60,"column":6},"end":{"line":60,"column":49}},"27":{"start":{"line":62,"column":6},"end":{"line":62,"column":57}},"28":{"start":{"line":63,"column":6},"end":{"line":63,"column":18}},"29":{"start":{"line":68,"column":4},"end":{"line":79,"column":5}},"30":{"start":{"line":69,"column":26},"end":{"line":69,"column":56}},"31":{"start":{"line":70,"column":6},"end":{"line":72,"column":7}},"32":{"start":{"line":71,"column":8},"end":{"line":71,"column":20}},"33":{"start":{"line":73,"column":6},"end":{"line":73,"column":37}},"34":{"start":{"line":74,"column":6},"end":{"line":74,"column":47}},"35":{"start":{"line":75,"column":6},"end":{"line":75,"column":37}},"36":{"start":{"line":77,"column":6},"end":{"line":77,"column":63}},"37":{"start":{"line":78,"column":6},"end":{"line":78,"column":18}},"38":{"start":{"line":83,"column":4},"end":{"line":94,"column":5}},"39":{"start":{"line":84,"column":26},"end":{"line":84,"column":56}},"40":{"start":{"line":85,"column":6},"end":{"line":87,"column":7}},"41":{"start":{"line":86,"column":8},"end":{"line":86,"column":21}},"42":{"start":{"line":88,"column":6},"end":{"line":88,"column":34}},"43":{"start":{"line":89,"column":6},"end":{"line":89,"column":47}},"44":{"start":{"line":90,"column":6},"end":{"line":90,"column":18}},"45":{"start":{"line":92,"column":6},"end":{"line":92,"column":63}},"46":{"start":{"line":93,"column":6},"end":{"line":93,"column":18}},"47":{"start":{"line":98,"column":4},"end":{"line":112,"column":5}},"48":{"start":{"line":99,"column":27},"end":{"line":107,"column":8}},"49":{"start":{"line":108,"column":6},"end":{"line":108,"column":26}},"50":{"start":{"line":110,"column":6},"end":{"line":110,"column":75}},"51":{"start":{"line":111,"column":6},"end":{"line":111,"column":18}},"52":{"start":{"line":116,"column":4},"end":{"line":122,"column":5}},"53":{"start":{"line":117,"column":20},"end":{"line":117,"column":58}},"54":{"start":{"line":118,"column":6},"end":{"line":118,"column":42}},"55":{"start":{"line":120,"column":6},"end":{"line":120,"column":64}},"56":{"start":{"line":121,"column":6},"end":{"line":121,"column":18}},"57":{"start":{"line":126,"column":4},"end":{"line":132,"column":5}},"58":{"start":{"line":127,"column":20},"end":{"line":127,"column":45}},"59":{"start":{"line":128,"column":6},"end":{"line":128,"column":19}},"60":{"start":{"line":130,"column":6},"end":{"line":130,"column":58}},"61":{"start":{"line":131,"column":6},"end":{"line":131,"column":18}},"62":{"start":{"line":136,"column":4},"end":{"line":142,"column":5}},"63":{"start":{"line":137,"column":20},"end":{"line":137,"column":66}},"64":{"start":{"line":138,"column":6},"end":{"line":138,"column":19}},"65":{"start":{"line":140,"column":6},"end":{"line":140,"column":78}},"66":{"start":{"line":141,"column":6},"end":{"line":141,"column":18}},"67":{"start":{"line":146,"column":0},"end":{"line":146,"column":42}}},"fnMap":{"0":{"name":"(anonymous_0)","decl":{"start":{"line":5,"column":2},"end":{"line":5,"column":3}},"loc":{"start":{"line":5,"column":30},"end":{"line":35,"column":3}},"line":5},"1":{"name":"(anonymous_1)","decl":{"start":{"line":37,"column":2},"end":{"line":37,"column":3}},"loc":{"start":{"line":37,"column":21},"end":{"line":54,"column":3}},"line":37},"2":{"name":"(anonymous_2)","decl":{"start":{"line":56,"column":2},"end":{"line":56,"column":3}},"loc":{"start":{"line":56,"column":21},"end":{"line":65,"column":3}},"line":56},"3":{"name":"(anonymous_3)","decl":{"start":{"line":67,"column":2},"end":{"line":67,"column":3}},"loc":{"start":{"line":67,"column":25},"end":{"line":80,"column":3}},"line":67},"4":{"name":"(anonymous_4)","decl":{"start":{"line":82,"column":2},"end":{"line":82,"column":3}},"loc":{"start":{"line":82,"column":19},"end":{"line":95,"column":3}},"line":82},"5":{"name":"(anonymous_5)","decl":{"start":{"line":97,"column":2},"end":{"line":97,"column":3}},"loc":{"start":{"line":97,"column":25},"end":{"line":113,"column":3}},"line":97},"6":{"name":"(anonymous_6)","decl":{"start":{"line":115,"column":2},"end":{"line":115,"column":3}},"loc":{"start":{"line":115,"column":31},"end":{"line":123,"column":3}},"line":115},"7":{"name":"(anonymous_7)","decl":{"start":{"line":125,"column":2},"end":{"line":125,"column":3}},"loc":{"start":{"line":125,"column":16},"end":{"line":133,"column":3}},"line":125},"8":{"name":"(anonymous_8)","decl":{"start":{"line":135,"column":2},"end":{"line":135,"column":3}},"loc":{"start":{"line":135,"column":30},"end":{"line":143,"column":3}},"line":135}},"branchMap":{"0":{"loc":{"start":{"line":5,"column":16},"end":{"line":5,"column":28}},"type":"default-arg","locations":[{"start":{"line":5,"column":26},"end":{"line":5,"column":28}}],"line":5},"1":{"loc":{"start":{"line":8,"column":6},"end":{"line":10,"column":7}},"type":"if","locations":[{"start":{"line":8,"column":6},"end":{"line":10,"column":7}},{"start":{},"end":{}}],"line":8},"2":{"loc":{"start":{"line":11,"column":6},"end":{"line":13,"column":7}},"type":"if","locations":[{"start":{"line":11,"column":6},"end":{"line":13,"column":7}},{"start":{},"end":{}}],"line":11},"3":{"loc":{"start":{"line":14,"column":6},"end":{"line":16,"column":7}},"type":"if","locations":[{"start":{"line":14,"column":6},"end":{"line":16,"column":7}},{"start":{},"end":{}}],"line":14},"4":{"loc":{"start":{"line":17,"column":6},"end":{"line":19,"column":7}},"type":"if","locations":[{"start":{"line":17,"column":6},"end":{"line":19,"column":7}},{"start":{},"end":{}}],"line":17},"5":{"loc":{"start":{"line":46,"column":6},"end":{"line":48,"column":7}},"type":"if","locations":[{"start":{"line":46,"column":6},"end":{"line":48,"column":7}},{"start":{},"end":{}}],"line":46},"6":{"loc":{"start":{"line":70,"column":6},"end":{"line":72,"column":7}},"type":"if","locations":[{"start":{"line":70,"column":6},"end":{"line":72,"column":7}},{"start":{},"end":{}}],"line":70},"7":{"loc":{"start":{"line":85,"column":6},"end":{"line":87,"column":7}},"type":"if","locations":[{"start":{"line":85,"column":6},"end":{"line":87,"column":7}},{"start":{},"end":{}}],"line":85}},"s":{"0":2,"1":2,"2":2,"3":2,"4":2,"5":1,"6":2,"7":0,"8":2,"9":0,"10":2,"11":0,"12":2,"13":2,"14":0,"15":0,"16":5,"17":5,"18":5,"19":2,"20":3,"21":0,"22":0,"23":2,"24":2,"25":2,"26":2,"27":0,"28":0,"29":2,"30":2,"31":2,"32":1,"33":1,"34":1,"35":1,"36":0,"37":0,"38":2,"39":2,"40":2,"41":1,"42":1,"43":1,"44":1,"45":0,"46":0,"47":1,"48":1,"49":1,"50":0,"51":0,"52":0,"53":0,"54":0,"55":0,"56":0,"57":0,"58":0,"59":0,"60":0,"61":0,"62":0,"63":0,"64":0,"65":0,"66":0,"67":2},"f":{"0":2,"1":5,"2":2,"3":2,"4":2,"5":1,"6":0,"7":0,"8":0},"b":{"0":[0],"1":[1,1],"2":[0,2],"3":[0,2],"4":[0,2],"5":[2,3],"6":[1,1],"7":[1,1]},"_coverageSchema":"1a1c01bbd47fc00a2c39e90264f33305004495a9","hash":"d2b7756e957212fedd6ffd3b6570707f8756562a"}
,"/Users/benjamincataldolopez/Desktop/Proyectos/2026/dentalLINK/backend/src/services/CariogramService.js": {"path":"/Users/benjamincataldolopez/Desktop/Proyectos/2026/dentalLINK/backend/src/services/CariogramService.js","statementMap":{"0":{"start":{"line":1,"column":40},"end":{"line":1,"column":60}},"1":{"start":{"line":2,"column":15},"end":{"line":2,"column":41}},"2":{"start":{"line":4,"column":20},"end":{"line":6,"column":1}},"3":{"start":{"line":8,"column":25},"end":{"line":10,"column":1}},"4":{"start":{"line":12,"column":24},"end":{"line":14,"column":1}},"5":{"start":{"line":16,"column":24},"end":{"line":18,"column":1}},"6":{"start":{"line":20,"column":22},"end":{"line":22,"column":1}},"7":{"start":{"line":24,"column":27},"end":{"line":26,"column":1}},"8":{"start":{"line":28,"column":29},"end":{"line":30,"column":1}},"9":{"start":{"line":32,"column":21},"end":{"line":34,"column":1}},"10":{"start":{"line":38,"column":22},"end":{"line":38,"column":96}},"11":{"start":{"line":40,"column":26},"end":{"line":40,"column":105}},"12":{"start":{"line":42,"column":30},"end":{"line":45,"column":67}},"13":{"start":{"line":47,"column":29},"end":{"line":47,"column":108}},"14":{"start":{"line":48,"column":32},"end":{"line":48,"column":91}},"15":{"start":{"line":49,"column":31},"end":{"line":49,"column":88}},"16":{"start":{"line":51,"column":4},"end":{"line":51,"column":89}},"17":{"start":{"line":53,"column":30},"end":{"line":53,"column":68}},"18":{"start":{"line":54,"column":4},"end":{"line":54,"column":79}},"19":{"start":{"line":56,"column":4},"end":{"line":60,"column":6}},"20":{"start":{"line":64,"column":18},"end":{"line":64,"column":86}},"21":{"start":{"line":66,"column":4},"end":{"line":66,"column":38}},"22":{"start":{"line":66,"column":20},"end":{"line":66,"column":38}},"23":{"start":{"line":67,"column":4},"end":{"line":67,"column":33}},"24":{"start":{"line":67,"column":20},"end":{"line":67,"column":33}},"25":{"start":{"line":68,"column":4},"end":{"line":68,"column":38}},"26":{"start":{"line":68,"column":20},"end":{"line":68,"column":38}},"27":{"start":{"line":69,"column":4},"end":{"line":69,"column":34}},"28":{"start":{"line":69,"column":20},"end":{"line":69,"column":34}},"29":{"start":{"line":70,"column":4},"end":{"line":70,"column":23}},"30":{"start":{"line":74,"column":24},"end":{"line":80,"column":5}},"31":{"start":{"line":81,"column":4},"end":{"line":81,"column":35}},"32":{"start":{"line":85,"column":4},"end":{"line":97,"column":5}},"33":{"start":{"line":86,"column":24},"end":{"line":92,"column":8}},"34":{"start":{"line":93,"column":6},"end":{"line":93,"column":23}},"35":{"start":{"line":95,"column":6},"end":{"line":95,"column":80}},"36":{"start":{"line":96,"column":6},"end":{"line":96,"column":18}},"37":{"start":{"line":101,"column":4},"end":{"line":143,"column":5}},"38":{"start":{"line":102,"column":23},"end":{"line":104,"column":8}},"39":{"start":{"line":106,"column":6},"end":{"line":108,"column":7}},"40":{"start":{"line":107,"column":8},"end":{"line":107,"column":69}},"41":{"start":{"line":110,"column":21},"end":{"line":110,"column":47}},"42":{"start":{"line":111,"column":25},"end":{"line":111,"column":51}},"43":{"start":{"line":113,"column":25},"end":{"line":134,"column":7}},"44":{"start":{"line":136,"column":24},"end":{"line":136,"column":58}},"45":{"start":{"line":138,"column":6},"end":{"line":138,"column":64}},"46":{"start":{"line":139,"column":6},"end":{"line":139,"column":61}},"47":{"start":{"line":141,"column":6},"end":{"line":141,"column":55}},"48":{"start":{"line":142,"column":6},"end":{"line":142,"column":18}},"49":{"start":{"line":147,"column":4},"end":{"line":172,"column":5}},"50":{"start":{"line":148,"column":24},"end":{"line":150,"column":8}},"51":{"start":{"line":152,"column":6},"end":{"line":154,"column":7}},"52":{"start":{"line":153,"column":8},"end":{"line":153,"column":20}},"53":{"start":{"line":156,"column":21},"end":{"line":156,"column":47}},"54":{"start":{"line":157,"column":25},"end":{"line":157,"column":51}},"55":{"start":{"line":159,"column":6},"end":{"line":165,"column":9}},"56":{"start":{"line":167,"column":6},"end":{"line":167,"column":64}},"57":{"start":{"line":168,"column":6},"end":{"line":168,"column":51}},"58":{"start":{"line":170,"column":6},"end":{"line":170,"column":80}},"59":{"start":{"line":171,"column":6},"end":{"line":171,"column":18}},"60":{"start":{"line":176,"column":4},"end":{"line":188,"column":5}},"61":{"start":{"line":177,"column":23},"end":{"line":179,"column":8}},"62":{"start":{"line":181,"column":6},"end":{"line":183,"column":7}},"63":{"start":{"line":182,"column":8},"end":{"line":182,"column":50}},"64":{"start":{"line":184,"column":6},"end":{"line":184,"column":55}},"65":{"start":{"line":186,"column":6},"end":{"line":186,"column":81}},"66":{"start":{"line":187,"column":6},"end":{"line":187,"column":18}},"67":{"start":{"line":192,"column":0},"end":{"line":192,"column":40}}},"fnMap":{"0":{"name":"(anonymous_0)","decl":{"start":{"line":37,"column":2},"end":{"line":37,"column":3}},"loc":{"start":{"line":37,"column":24},"end":{"line":61,"column":3}},"line":37},"1":{"name":"(anonymous_1)","decl":{"start":{"line":63,"column":2},"end":{"line":63,"column":3}},"loc":{"start":{"line":63,"column":24},"end":{"line":71,"column":3}},"line":63},"2":{"name":"(anonymous_2)","decl":{"start":{"line":73,"column":2},"end":{"line":73,"column":3}},"loc":{"start":{"line":73,"column":26},"end":{"line":82,"column":3}},"line":73},"3":{"name":"(anonymous_3)","decl":{"start":{"line":84,"column":2},"end":{"line":84,"column":3}},"loc":{"start":{"line":84,"column":35},"end":{"line":98,"column":3}},"line":84},"4":{"name":"(anonymous_4)","decl":{"start":{"line":100,"column":2},"end":{"line":100,"column":3}},"loc":{"start":{"line":100,"column":21},"end":{"line":144,"column":3}},"line":100},"5":{"name":"(anonymous_5)","decl":{"start":{"line":146,"column":2},"end":{"line":146,"column":3}},"loc":{"start":{"line":146,"column":32},"end":{"line":173,"column":3}},"line":146},"6":{"name":"(anonymous_6)","decl":{"start":{"line":175,"column":2},"end":{"line":175,"column":3}},"loc":{"start":{"line":175,"column":32},"end":{"line":189,"column":3}},"line":175}},"branchMap":{"0":{"loc":{"start":{"line":38,"column":22},"end":{"line":38,"column":96}},"type":"binary-expr","locations":[{"start":{"line":38,"column":22},"end":{"line":38,"column":91}},{"start":{"line":38,"column":95},"end":{"line":38,"column":96}}],"line":38},"1":{"loc":{"start":{"line":38,"column":23},"end":{"line":38,"column":56}},"type":"binary-expr","locations":[{"start":{"line":38,"column":23},"end":{"line":38,"column":51}},{"start":{"line":38,"column":55},"end":{"line":38,"column":56}}],"line":38},"2":{"loc":{"start":{"line":47,"column":29},"end":{"line":47,"column":108}},"type":"cond-expr","locations":[{"start":{"line":47,"column":51},"end":{"line":47,"column":52}},{"start":{"line":47,"column":55},"end":{"line":47,"column":108}}],"line":47},"3":{"loc":{"start":{"line":47,"column":55},"
[...]
,"/Users/benjamincataldolopez/Desktop/Proyectos/2026/dentalLINK/backend/src/services/MedicalRecordService.js": {"path":"/Users/benjamincataldolopez/Desktop/Proyectos/2026/dentalLINK/backend/src/services/MedicalRecordService.js","statementMap":{"0":{"start":{"line":1,"column":44},"end":{"line":1,"column":64}},"1":{"start":{"line":2,"column":15},"end":{"line":2,"column":41}},"2":{"start":{"line":6,"column":4},"end":{"line":18,"column":5}},"3":{"start":{"line":7,"column":21},"end":{"line":13,"column":8}},"4":{"start":{"line":14,"column":6},"end":{"line":14,"column":20}},"5":{"start":{"line":16,"column":6},"end":{"line":16,"column":85}},"6":{"start":{"line":17,"column":6},"end":{"line":17,"column":18}},"7":{"start":{"line":22,"column":4},"end":{"line":35,"column":5}},"8":{"start":{"line":23,"column":29},"end":{"line":25,"column":8}},"9":{"start":{"line":26,"column":6},"end":{"line":28,"column":7}},"10":{"start":{"line":27,"column":8},"end":{"line":27,"column":74}},"11":{"start":{"line":29,"column":21},"end":{"line":29,"column":53}},"12":{"start":{"line":30,"column":6},"end":{"line":30,"column":66}},"13":{"start":{"line":31,"column":6},"end":{"line":31,"column":58}},"14":{"start":{"line":33,"column":6},"end":{"line":33,"column":60}},"15":{"start":{"line":34,"column":6},"end":{"line":34,"column":18}},"16":{"start":{"line":39,"column":4},"end":{"line":52,"column":5}},"17":{"start":{"line":40,"column":21},"end":{"line":42,"column":8}},"18":{"start":{"line":43,"column":6},"end":{"line":45,"column":7}},"19":{"start":{"line":44,"column":8},"end":{"line":44,"column":20}},"20":{"start":{"line":46,"column":6},"end":{"line":46,"column":32}},"21":{"start":{"line":47,"column":6},"end":{"line":47,"column":69}},"22":{"start":{"line":48,"column":6},"end":{"line":48,"column":51}},"23":{"start":{"line":50,"column":6},"end":{"line":50,"column":85}},"24":{"start":{"line":51,"column":6},"end":{"line":51,"column":18}},"25":{"start":{"line":56,"column":4},"end":{"line":67,"column":5}},"26":{"start":{"line":57,"column":29},"end":{"line":59,"column":8}},"27":{"start":{"line":60,"column":6},"end":{"line":62,"column":7}},"28":{"start":{"line":61,"column":8},"end":{"line":61,"column":50}},"29":{"start":{"line":63,"column":6},"end":{"line":63,"column":55}},"30":{"start":{"line":65,"column":6},"end":{"line":65,"column":86}},"31":{"start":{"line":66,"column":6},"end":{"line":66,"column":18}},"32":{"start":{"line":71,"column":0},"end":{"line":71,"column":44}}},"fnMap":{"0":{"name":"(anonymous_0)","decl":{"start":{"line":5,"column":2},"end":{"line":5,"column":3}},"loc":{"start":{"line":5,"column":35},"end":{"line":19,"column":3}},"line":5},"1":{"name":"(anonymous_1)","decl":{"start":{"line":21,"column":2},"end":{"line":21,"column":3}},"loc":{"start":{"line":21,"column":21},"end":{"line":36,"column":3}},"line":21},"2":{"name":"(anonymous_2)","decl":{"start":{"line":38,"column":2},"end":{"line":38,"column":3}},"loc":{"start":{"line":38,"column":32},"end":{"line":53,"column":3}},"line":38},"3":{"name":"(anonymous_3)","decl":{"start":{"line":55,"column":2},"end":{"line":55,"column":3}},"loc":{"start":{"line":55,"column":32},"end":{"line":68,"column":3}},"line":55}},"branchMap":{"0":{"loc":{"start":{"line":26,"column":6},"end":{"line":28,"column":7}},"type":"if","locations":[{"start":{"line":26,"column":6},"end":{"line":28,"column":7}},{"start":{},"end":{}}],"line":26},"1":{"loc":{"start":{"line":43,"column":6},"end":{"line":45,"column":7}},"type":"if","locations":[{"start":{"line":43,"column":6},"end":{"line":45,"column":7}},{"start":{},"end":{}}],"line":43},"2":{"loc":{"start":{"line":60,"column":6},"end":{"line":62,"column":7}},"type":"if","locations":[{"start":{"line":60,"column":6},"end":{"line":62,"column":7}},{"start":{},"end":{}}],"line":60}},"s":{"0":1,"1":1,"2":1,"3":1,"4":1,"5":0,"6":0,"7":0,"8":0,"9":0,"10":0,"11":0,"12":0,"13":0,"14":0,"15":0,"16":0,"17":0,"18":0,"19":0,"20":0,"21":0,"22":0,"23":0,"24":0,"25":0,"26":0,"27":0,"28":0,"29":0,"30":0,"31":0,"32":1},"f":{"0":1,"1":0,"2":0,"3":0},"b":{"0":[0,0],"1":[0,0],"2":[0,0]},"_coverageSchema":"1a1c01bbd47fc00a2c39e90264f33305004495a9","hash":"eec512964794b0070a64f0e89977416e4390f512"}
,"/Users/benjamincataldolopez/Desktop/Proyectos/2026/dentalLINK/backend/src/services/PatientService.js": {"path":"/Users/benjamincataldolopez/Desktop/Proyectos/2026/dentalLINK/backend/src/services/PatientService.js","statementMap":{"0":{"start":{"line":1,"column":20},"end":{"line":1,"column":40}},"1":{"start":{"line":2,"column":15},"end":{"line":2,"column":41}},"2":{"start":{"line":6,"column":4},"end":{"line":14,"column":5}},"3":{"start":{"line":7,"column":23},"end":{"line":9,"column":8}},"4":{"start":{"line":10,"column":6},"end":{"line":10,"column":22}},"5":{"start":{"line":12,"column":6},"end":{"line":12,"column":54}},"6":{"start":{"line":13,"column":6},"end":{"line":13,"column":18}},"7":{"start":{"line":18,"column":4},"end":{"line":27,"column":5}},"8":{"start":{"line":19,"column":22},"end":{"line":19,"column":48}},"9":{"start":{"line":20,"column":6},"end":{"line":22,"column":7}},"10":{"start":{"line":21,"column":8},"end":{"line":21,"column":20}},"11":{"start":{"line":23,"column":6},"end":{"line":23,"column":21}},"12":{"start":{"line":25,"column":6},"end":{"line":25,"column":59}},"13":{"start":{"line":26,"column":6},"end":{"line":26,"column":18}},"14":{"start":{"line":31,"column":4},"end":{"line":37,"column":5}},"15":{"start":{"line":32,"column":22},"end":{"line":32,"column":65}},"16":{"start":{"line":33,"column":6},"end":{"line":33,"column":21}},"17":{"start":{"line":35,"column":6},"end":{"line":35,"column":71}},"18":{"start":{"line":36,"column":6},"end":{"line":36,"column":18}},"19":{"start":{"line":41,"column":4},"end":{"line":52,"column":5}},"20":{"start":{"line":42,"column":30},"end":{"line":42,"column":64}},"21":{"start":{"line":43,"column":6},"end":{"line":45,"column":7}},"22":{"start":{"line":44,"column":8},"end":{"line":44,"column":66}},"23":{"start":{"line":46,"column":22},"end":{"line":46,"column":48}},"24":{"start":{"line":47,"column":6},"end":{"line":47,"column":60}},"25":{"start":{"line":48,"column":6},"end":{"line":48,"column":21}},"26":{"start":{"line":50,"column":6},"end":{"line":50,"column":53}},"27":{"start":{"line":51,"column":6},"end":{"line":51,"column":18}},"28":{"start":{"line":56,"column":4},"end":{"line":71,"column":5}},"29":{"start":{"line":57,"column":22},"end":{"line":57,"column":48}},"30":{"start":{"line":58,"column":6},"end":{"line":60,"column":7}},"31":{"start":{"line":59,"column":8},"end":{"line":59,"column":20}},"32":{"start":{"line":61,"column":30},"end":{"line":61,"column":64}},"33":{"start":{"line":62,"column":6},"end":{"line":64,"column":7}},"34":{"start":{"line":63,"column":8},"end":{"line":63,"column":67}},"35":{"start":{"line":65,"column":6},"end":{"line":65,"column":33}},"36":{"start":{"line":66,"column":6},"end":{"line":66,"column":43}},"37":{"start":{"line":67,"column":6},"end":{"line":67,"column":21}},"38":{"start":{"line":69,"column":6},"end":{"line":69,"column":59}},"39":{"start":{"line":70,"column":6},"end":{"line":70,"column":18}},"40":{"start":{"line":75,"column":4},"end":{"line":86,"column":5}},"41":{"start":{"line":76,"column":22},"end":{"line":76,"column":48}},"42":{"start":{"line":77,"column":6},"end":{"line":79,"column":7}},"43":{"start":{"line":78,"column":8},"end":{"line":78,"column":21}},"44":{"start":{"line":80,"column":6},"end":{"line":80,"column":30}},"45":{"start":{"line":81,"column":6},"end":{"line":81,"column":43}},"46":{"start":{"line":82,"column":6},"end":{"line":82,"column":18}},"47":{"start":{"line":84,"column":6},"end":{"line":84,"column":59}},"48":{"start":{"line":85,"column":6},"end":{"line":85,"column":18}},"49":{"start":{"line":90,"column":4},"end":{"line":105,"column":5}},"50":{"start":{"line":91,"column":23},"end":{"line":100,"column":8}},"51":{"start":{"line":101,"column":6},"end":{"line":101,"column":22}},"52":{"start":{"line":103,"column":6},"end":{"line":103,"column":55}},"53":{"start":{"line":104,"column":6},"end":{"line":104,"column":18}},"54":{"start":{"line":109,"column":4},"end":{"line":115,"column":5}},"55":{"start":{"line":110,"column":20},"end":{"line":110,"column":41}},"56":{"start":{"line":111,"column":6},"end":{"line":111,"column":19}},"57":{"start":{"line":113,"column":6},"end":{"line":113,"column":54}},"58":{"start":{"line":114,"column":6},"end":{"line":114,"column":18}},"59":{"start":{"line":119,"column":0},"end":{"line":119,"column":38}}},"fnMap":{"0":{"name":"(anonymous_0)","decl":{"start":{"line":5,"column":2},"end":{"line":5,"column":3}},"loc":{"start":{"line":5,"column":18},"end":{"line":15,"column":3}},"line":5},"1":{"name":"(anonymous_1)","decl":{"start":{"line":17,"column":2},"end":{"line":17,"column":3}},"loc":{"start":{"line":17,"column":21},"end":{"line":28,"column":3}},"line":17},"2":{"name":"(anonymous_2)","decl":{"start":{"line":30,"column":2},"end":{"line":30,"column":3}},"loc":{"start":{"line":30,"column":27},"end":{"line":38,"column":3}},"line":30},"3":{"name":"(anonymous_3)","decl":{"start":{"line":40,"column":2},"end":{"line":40,"column":3}},"loc":{"start":{"line":40,"column":21},"end":{"line":53,"column":3}},"line":40},"4":{"name":"(anonymous_4)","decl":{"start":{"line":55,"column":2},"end":{"line":55,"column":3}},"loc":{"start":{"line":55,"column":25},"end":{"line":72,"column":3}},"line":55},"5":{"name":"(anonymous_5)","decl":{"start":{"line":74,"column":2},"end":{"line":74,"column":3}},"loc":{"start":{"line":74,"column":19},"end":{"line":87,"column":3}},"line":74},"6":{"name":"(anonymous_6)","decl":{"start":{"line":89,"column":2},"end":{"line":89,"column":3}},"loc":{"start":{"line":89,"column":22},"end":{"line":106,"column":3}},"line":89},"7":{"name":"(anonymous_7)","decl":{"start":{"line":108,"column":2},"end":{"line":108,"column":3}},"loc":{"start":{"line":108,"column":16},"end":{"line":116,"column":3}},"line":108}},"branchMap":{"0":{"loc":{"start":{"line":20,"column":6},"end":{"line":22,"column":7}},"type":"if","locations":[{"start":{"line":20,"column":6},"end":{"line":22,"column":7}},{"start":{},"end":{}}],"line":20},"1":{"loc":{"start":{"line":43,"column":6},"end":{"line":45,"column":7}},"type":"if","locations":[{"start":{"line":43,"column":6},"end":{"line":45,"column":7}},{"start":{},"end":{}}],"line":43},"2":{"loc":{"start":{"line":58,"column":6},"end":{"line":60,"column":7}},"type":"if","locations":[{"start":{"line":58,"column":6},"end":{"line":60,"column":7}},{"start":{},"end":{}}],"line":58},"3":{"loc":{"start":{"line":62,"column":6},"end":{"line":64,"column":7}},"type":"if","locations":[{"start":{"line":62,"column":6},"end":{"line":64,"column":7}},{"start":{},"end":{}}],"line":62},"4":{"loc":{"start":{"line":62,"column":10},"end":{"line":62,"column":54}},"type":"binary-expr","locations":[{"start":{"line":62,"column":10},"end":{"line":62,"column":25}},{"start":{"line":62,"column":29},"end":{"line":62,"column":54}}],"line":62},"5":{"loc":{"start":{"line":77,"column":6},"end":{"line":79,"column":7}},"type":"if","locations":[{"start":{"line":77,"column":6},"end":{"line":79,"column":7}},{"start":{},"end":{}}],"line":77}},"s":{"0":2,"1":2,"2":3,"3":3,"4":2,"5":1,"6":1,"7":2,"8":2,"9":2,"10":1,"11":1,"12":0,"13":0,"14":4,"15":4,"16":4,"17":0,"18":0,"19":3,"20":3,"21":3,"22":1,"23":2,"24":2,"25":2,"26":1,"27":1,"28":2,"29":2,"30":2,"31":1,"32":1,"33":1,"34":0,"35":1,"36":1,"37":1,"38":0,"39":0,"40":2,"41":2,"42":2,"43":1,"44":1,"45":1,"46":1,"47":0,"48":0,"49":0,"50":0,"51":0,"52":0,"53":0,"54":1,"55":1,"56":1,"57":0,"58":0,"59":2},"f":{"0":3,"1":2,"2":4,"3":3,"4":2,"5":2,"6":0,"7":1},"b":{"0":[1,1],"1":[1,2],"2":[1,1],"3":[0,1],"4":[1,0],"5":[1,1]},"_coverageSchema":"1a1c01bbd47fc00a2c39e90264f33305004495a9","hash":"85f33f9d0c901979b60953c49f2fe0ca0baac078"}
,"/Users/benjamincataldolopez/Desktop/Proyectos/2026/dentalLINK/backend/src/services/TreatmentService.js": {"path":"/Users/benjamincataldolopez/Desktop/Proyectos/2026/dentalLINK/backend/src/services/TreatmentService.js","statementMap":{"0":{"start":{"line":1,"column":22},"end":{"line":1,"column":42}},"1":{"start":{"line":2,"column":15},"end":{"line":2,"column":41}},"2":{"start":{"line":6,"column":4},"end":{"line":14,"column":5}},"3":{"start":{"line":7,"column":25},"end":{"line":9,"column":8}},"4":{"start":{"line":10,"column":6},"end":{"line":10,"column":24}},"5":{"start":{"line":12,"column":6},"end":{"line":12,"column":56}},"6":{"start":{"line":13,"column":6},"end":{"line":13,"column":18}},"7":{"start":{"line":18,"column":4},"end":{"line":27,"column":5}},"8":{"start":{"line":19,"column":24},"end":{"line":19,"column":52}},"9":{"start":{"line":20,"column":6},"end":{"line":22,"column":7}},"10":{"start":{"line":21,"column":8},"end":{"line":21,"column":20}},"11":{"start":{"line":23,"column":6},"end":{"line":23,"column":23}},"12":{"start":{"line":25,"column":6},"end":{"line":25,"column":61}},"13":{"start":{"line":26,"column":6},"end":{"line":26,"column":18}},"14":{"start":{"line":31,"column":4},"end":{"line":38,"column":5}},"15":{"start":{"line":32,"column":24},"end":{"line":32,"column":52}},"16":{"start":{"line":33,"column":6},"end":{"line":33,"column":64}},"17":{"start":{"line":34,"column":6},"end":{"line":34,"column":23}},"18":{"start":{"line":36,"column":6},"end":{"line":36,"column":55}},"19":{"start":{"line":37,"column":6},"end":{"line":37,"column":18}},"20":{"start":{"line":42,"column":4},"end":{"line":53,"column":5}},"21":{"start":{"line":43,"column":24},"end":{"line":43,"column":52}},"22":{"start":{"line":44,"column":6},"end":{"line":46,"column":7}},"23":{"start":{"line":45,"column":8},"end":{"line":45,"column":20}},"24":{"start":{"line":47,"column":6},"end":{"line":47,"column":35}},"25":{"start":{"line":48,"column":6},"end":{"line":48,"column":45}},"26":{"start":{"line":49,"column":6},"end":{"line":49,"column":23}},"27":{"start":{"line":51,"column":6},"end":{"line":51,"column":61}},"28":{"start":{"line":52,"column":6},"end":{"line":52,"column":18}},"29":{"start":{"line":57,"column":4},"end":{"line":68,"column":5}},"30":{"start":{"line":58,"column":24},"end":{"line":58,"column":52}},"31":{"start":{"line":59,"column":6},"end":{"line":61,"column":7}},"32":{"start":{"line":60,"column":8},"end":{"line":60,"column":21}},"33":{"start":{"line":62,"column":6},"end":{"line":62,"column":32}},"34":{"start":{"line":63,"column":6},"end":{"line":63,"column":45}},"35":{"start":{"line":64,"column":6},"end":{"line":64,"column":18}},"36":{"start":{"line":66,"column":6},"end":{"line":66,"column":61}},"37":{"start":{"line":67,"column":6},"end":{"line":67,"column":18}},"38":{"start":{"line":72,"column":4},"end":{"line":78,"column":5}},"39":{"start":{"line":73,"column":20},"end":{"line":73,"column":43}},"40":{"start":{"line":74,"column":6},"end":{"line":74,"column":19}},"41":{"start":{"line":76,"column":6},"end":{"line":76,"column":56}},"42":{"start":{"line":77,"column":6},"end":{"line":77,"column":18}},"43":{"start":{"line":82,"column":0},"end":{"line":82,"column":40}}},"fnMap":{"0":{"name":"(anonymous_0)","decl":{"start":{"line":5,"column":2},"end":{"line":5,"column":3}},"loc":{"start":{"line":5,"column":18},"end":{"line":15,"column":3}},"line":5},"1":{"name":"(anonymous_1)","decl":{"start":{"line":17,"column":2},"end":{"line":17,"column":3}},"loc":{"start":{"line":17,"column":21},"end":{"line":28,"column":3}},"line":17},"2":{"name":"(anonymous_2)","decl":{"start":{"line":30,"column":2},"end":{"line":30,"column":3}},"loc":{"start":{"line":30,"column":21},"end":{"line":39,"column":3}},"line":30},"3":{"name":"(anonymous_3)","decl":{"start":{"line":41,"column":2},"end":{"line":41,"column":3}},"loc":{"start":{"line":41,"column":25},"end":{"line":54,"column":3}},"line":41},"4":{"name":"(anonymous_4)","decl":{"start":{"line":56,"column":2},"end":{"line":56,"column":3}},"loc":{"start":{"line":56,"column":19},"end":{"line":69,"column":3}},"line":56},"5":{"name":"(anonymous_5)","decl":{"start":{"line":71,"column":2},"end":{"line":71,"column":3}},"loc":{"start":{"line":71,"column":16},"end":{"line":79,"column":3}},"line":71}},"branchMap":{"0":{"loc":{"start":{"line":20,"column":6},"end":{"line":22,"column":7}},"type":"if","locations":[{"start":{"line":20,"column":6},"end":{"line":22,"column":7}},{"start":{},"end":{}}],"line":20},"1":{"loc":{"start":{"line":44,"column":6},"end":{"line":46,"column":7}},"type":"if","locations":[{"start":{"line":44,"column":6},"end":{"line":46,"column":7}},{"start":{},"end":{}}],"line":44},"2":{"loc":{"start":{"line":59,"column":6},"end":{"line":61,"column":7}},"type":"if","locations":[{"start":{"line":59,"column":6},"end":{"line":61,"column":7}},{"start":{},"end":{}}],"line":59}},"s":{"0":2,"1":2,"2":2,"3":2,"4":2,"5":0,"6":0,"7":2,"8":2,"9":2,"10":1,"11":1,"12":0,"13":0,"14":2,"15":2,"16":2,"17":2,"18":0,"19":0,"20":2,"21":2,"22":2,"23":1,"24":1,"25":1,"26":1,"27":0,"28":0,"29":2,"30":2,"31":2,"32":1,"33":1,"34":1,"35":1,"36":0,"37":0,"38":1,"39":1,"40":1,"41":0,"42":0,"43":2},"f":{"0":2,"1":2,"2":2,"3":2,"4":2,"5":1},"b":{"0":[1,1],"1":[1,1],"2":[1,1]},"_coverageSchema":"1a1c01bbd47fc00a2c39e90264f33305004495a9","hash":"4d65a940c471e0a086631256b1eb7f9df1f5118a"}
,"/Users/benjamincataldolopez/Desktop/Proyectos/2026/dentalLINK/backend/src/utils/logger.js": {"path":"/Users/benjamincataldolopez/Desktop/Proyectos/2026/dentalLINK/backend/src/utils/logger.js","statementMap":{"0":{"start":{"line":1,"column":16},"end":{"line":1,"column":34}},"1":{"start":{"line":3,"column":17},"end":{"line":3,"column":48}},"2":{"start":{"line":5,"column":15},"end":{"line":24,"column":2}},"3":{"start":{"line":19,"column":20},"end":{"line":19,"column":70}},"4":{"start":{"line":26,"column":0},"end":{"line":26,"column":24}}},"fnMap":{"0":{"name":"(anonymous_0)","decl":{"start":{"line":19,"column":10},"end":{"line":19,"column":11}},"loc":{"start":{"line":19,"column":20},"end":{"line":19,"column":70}},"line":19}},"branchMap":{"0":{"loc":{"start":{"line":3,"column":17},"end":{"line":3,"column":48}},"type":"binary-expr","locations":[{"start":{"line":3,"column":17},"end":{"line":3,"column":38}},{"start":{"line":3,"column":42},"end":{"line":3,"column":48}}],"line":3}},"s":{"0":5,"1":5,"2":5,"3":13,"4":5},"f":{"0":13},"b":{"0":[5,4]},"_coverageSchema":"1a1c01bbd47fc00a2c39e90264f33305004495a9","hash":"b1007457e1fddd6ed2cc93d2b4cba0f070f2dd21"}
}
