TN:
SF:src/config/app.js
FNF:0
FNH:0
DA:1,1
DA:7,1
LF:2
LH:2
BRDA:2,0,0,1
BRDA:2,0,1,0
BRDA:3,1,0,1
BRDA:3,1,1,0
BRF:4
BRH:2
end_of_record
TN:
SF:src/config/database.js
FN:12,(anonymous_0)
FN:26,(anonymous_1)
FNF:2
FNH:0
FNDA:0,(anonymous_0)
FNDA:0,(anonymous_1)
DA:1,7
DA:2,7
DA:4,7
DA:12,0
DA:26,7
DA:27,0
DA:28,0
DA:29,0
DA:31,0
DA:32,0
DA:36,7
LF:11
LH:5
BRDA:5,0,0,7
BRDA:5,0,1,7
BRDA:6,1,0,7
BRDA:6,1,1,7
BRDA:7,2,0,7
BRDA:7,2,1,7
BRDA:9,3,0,7
BRDA:9,3,1,7
BRDA:10,4,0,7
BRDA:10,4,1,7
BRDA:14,5,0,7
BRDA:14,5,1,7
BRDA:15,6,0,7
BRDA:15,6,1,7
BRDA:16,7,0,7
BRDA:16,7,1,7
BRDA:17,8,0,7
BRDA:17,8,1,7
BRF:18
BRH:18
end_of_record
TN:
SF:src/controllers/AppointmentController.js
FN:5,(anonymous_0)
FN:21,(anonymous_1)
FN:35,(anonymous_2)
FN:45,(anonymous_3)
FN:59,(anonymous_4)
FN:73,(anonymous_5)
FN:83,(anonymous_6)
FNF:7
FNH:2
FNDA:1,(anonymous_0)
FNDA:0,(anonymous_1)
FNDA:1,(anonymous_2)
FNDA:0,(anonymous_3)
FNDA:0,(anonymous_4)
FNDA:0,(anonymous_5)
FNDA:0,(anonymous_6)
DA:1,1
DA:2,1
DA:6,1
DA:7,1
DA:13,1
DA:14,1
DA:16,0
DA:17,0
DA:22,0
DA:23,0
DA:24,0
DA:25,0
DA:26,0
DA:28,0
DA:30,0
DA:31,0
DA:36,1
DA:37,1
DA:38,1
DA:40,0
DA:41,0
DA:46,0
DA:47,0
DA:48,0
DA:49,0
DA:50,0
DA:52,0
DA:54,0
DA:55,0
DA:60,0
DA:61,0
DA:62,0
DA:63,0
DA:64,0
DA:66,0
DA:68,0
DA:69,0
DA:74,0
DA:75,0
DA:76,0
DA:78,0
DA:79,0
DA:84,0
DA:85,0
DA:86,0
DA:87,0
DA:89,0
DA:90,0
DA:95,1
LF:49
LH:10
BRDA:25,0,0,0
BRDA:25,0,1,0
BRDA:49,1,0,0
BRDA:49,1,1,0
BRDA:63,2,0,0
BRDA:63,2,1,0
BRF:6
BRH:0
end_of_record
TN:
SF:src/controllers/CariogramController.js
FN:5,(anonymous_0)
FN:19,(anonymous_1)
FN:32,(anonymous_2)
FN:46,(anonymous_3)
FNF:4
FNH:4
FNDA:3,(anonymous_0)
FNDA:3,(anonymous_1)
FNDA:3,(anonymous_2)
FNDA:2,(anonymous_3)
DA:1,2
DA:2,2
DA:6,3
DA:7,3
DA:8,3
DA:9,2
DA:10,1
DA:12,1
DA:14,1
DA:15,1
DA:20,3
DA:21,3
DA:22,1
DA:24,2
DA:25,2
DA:26,1
DA:28,1
DA:33,3
DA:34,3
DA:35,3
DA:36,2
DA:37,1
DA:39,1
DA:41,1
DA:42,1
DA:47,2
DA:48,2
DA:49,2
DA:50,1
DA:52,1
DA:53,1
DA:58,2
LF:32
LH:32
BRDA:9,0,0,1
BRDA:9,0,1,1
BRDA:25,1,0,1
BRDA:25,1,1,1
BRDA:36,2,0,1
BRDA:36,2,1,1
BRF:6
BRH:6
end_of_record
TN:
SF:src/controllers/DentalRecordController.js
FN:5,(anonymous_0)
FN:19,(anonymous_1)
FN:32,(anonymous_2)
FNF:3
FNH:3
FNDA:3,(anonymous_0)
FNDA:3,(anonymous_1)
FNDA:3,(anonymous_2)
DA:1,2
DA:2,2
DA:6,3
DA:7,3
DA:8,3
DA:9,2
DA:10,1
DA:12,1
DA:14,1
DA:15,1
DA:20,3
DA:21,3
DA:22,1
DA:24,2
DA:25,2
DA:26,1
DA:28,1
DA:33,3
DA:34,3
DA:35,3
DA:36,2
DA:37,1
DA:39,1
DA:41,1
DA:42,1
DA:47,2
LF:26
LH:26
BRDA:9,0,0,1
BRDA:9,0,1,1
BRDA:25,1,0,1
BRDA:25,1,1,1
BRDA:36,2,0,1
BRDA:36,2,1,1
BRF:6
BRH:6
end_of_record
TN:
SF:src/controllers/DentistController.js
FN:5,(anonymous_0)
FN:15,(anonymous_1)
FN:29,(anonymous_2)
FN:42,(anonymous_3)
FN:59,(anonymous_4)
FNF:5
FNH:2
FNDA:1,(anonymous_0)
FNDA:0,(anonymous_1)
FNDA:1,(anonymous_2)
FNDA:0,(anonymous_3)
FNDA:0,(anonymous_4)
DA:1,1
DA:2,1
DA:6,1
DA:7,1
DA:8,1
DA:10,0
DA:11,0
DA:16,0
DA:17,0
DA:18,0
DA:19,0
DA:20,0
DA:22,0
DA:24,0
DA:25,0
DA:30,1
DA:31,1
DA:32,1
DA:34,0
DA:35,0
DA:36,0
DA:38,0
DA:43,0
DA:44,0
DA:45,0
DA:46,0
DA:47,0
DA:49,0
DA:51,0
DA:52,0
DA:53,0
DA:55,0
DA:60,0
DA:61,0
DA:62,0
DA:63,0
DA:64,0
DA:66,0
DA:68,0
DA:69,0
DA:74,1
LF:41
LH:9
BRDA:19,0,0,0
BRDA:19,0,1,0
BRDA:35,1,0,0
BRDA:35,1,1,0
BRDA:46,2,0,0
BRDA:46,2,1,0
BRDA:52,3,0,0
BRDA:52,3,1,0
BRDA:63,4,0,0
BRDA:63,4,1,0
BRF:10
BRH:0
end_of_record
TN:
SF:src/controllers/MedicalRecordController.js
FN:5,(anonymous_0)
FN:19,(anonymous_1)
FN:32,(anonymous_2)
FN:46,(anonymous_3)
FNF:4
FNH:1
FNDA:1,(anonymous_0)
FNDA:0,(anonymous_1)
FNDA:0,(anonymous_2)
FNDA:0,(anonymous_3)
DA:1,1
DA:2,1
DA:6,1
DA:7,1
DA:8,1
DA:9,1
DA:10,1
DA:12,0
DA:14,0
DA:15,0
DA:20,0
DA:21,0
DA:22,0
DA:24,0
DA:25,0
DA:26,0
DA:28,0
DA:33,0
DA:34,0
DA:35,0
DA:36,0
DA:37,0
DA:39,0
DA:41,0
DA:42,0
DA:47,0
DA:48,0
DA:49,0
DA:50,0
DA:52,0
DA:53,0
DA:58,1
LF:32
LH:8
BRDA:9,0,0,1
BRDA:9,0,1,0
BRDA:25,1,0,0
BRDA:25,1,1,0
BRDA:36,2,0,0
BRDA:36,2,1,0
BRF:6
BRH:1
end_of_record
TN:
SF:src/controllers/PatientController.js
FN:5,(anonymous_0)
FN:15,(anonymous_1)
FN:29,(anonymous_2)
FN:42,(anonymous_3)
FN:59,(anonymous_4)
FN:73,(anonymous_5)
FNF:6
FNH:2
FNDA:1,(anonymous_0)
FNDA:0,(anonymous_1)
FNDA:1,(anonymous_2)
FNDA:0,(anonymous_3)
FNDA:0,(anonymous_4)
FNDA:0,(anonymous_5)
DA:1,1
DA:2,1
DA:6,1
DA:7,1
DA:8,1
DA:10,0
DA:11,0
DA:16,0
DA:17,0
DA:18,0
DA:19,0
DA:20,0
DA:22,0
DA:24,0
DA:25,0
DA:30,1
DA:31,1
DA:32,1
DA:34,0
DA:35,0
DA:36,0
DA:38,0
DA:43,0
DA:44,0
DA:45,0
DA:46,0
DA:47,0
DA:49,0
DA:51,0
DA:52,0
DA:53,0
DA:55,0
DA:60,0
DA:61,0
DA:62,0
DA:63,0
DA:64,0
DA:66,0
DA:68,0
DA:69,0
DA:74,0
DA:75,0
DA:76,0
DA:77,0
DA:79,0
DA:80,0
DA:82,0
DA:83,0
DA:88,1
LF:49
LH:9
BRDA:19,0,0,0
BRDA:19,0,1,0
BRDA:35,1,0,0
BRDA:35,1,1,0
BRDA:46,2,0,0
BRDA:46,2,1,0
BRDA:52,3,0,0
BRDA:52,3,1,0
BRDA:63,4,0,0
BRDA:63,4,1,0
BRDA:76,5,0,0
BRDA:76,5,1,0
BRF:12
BRH:0
end_of_record
TN:
SF:src/controllers/TreatmentController.js
FN:5,(anonymous_0)
FN:15,(anonymous_1)
FN:29,(anonymous_2)
FN:39,(anonymous_3)
FN:53,(anonymous_4)
FNF:5
FNH:2
FNDA:1,(anonymous_0)
FNDA:0,(anonymous_1)
FNDA:1,(anonymous_2)
FNDA:0,(anonymous_3)
FNDA:0,(anonymous_4)
DA:1,1
DA:2,1
DA:6,1
DA:7,1
DA:8,1
DA:10,0
DA:11,0
DA:16,0
DA:17,0
DA:18,0
DA:19,0
DA:20,0
DA:22,0
DA:24,0
DA:25,0
DA:30,1
DA:31,1
DA:32,1
DA:34,0
DA:35,0
DA:40,0
DA:41,0
DA:42,0
DA:43,0
DA:44,0
DA:46,0
DA:48,0
DA:49,0
DA:54,0
DA:55,0
DA:56,0
DA:57,0
DA:58,0
DA:60,0
DA:62,0
DA:63,0
DA:68,1
LF:37
LH:9
BRDA:19,0,0,0
BRDA:19,0,1,0
BRDA:43,1,0,0
BRDA:43,1,1,0
BRDA:57,2,0,0
BRDA:57,2,1,0
BRF:6
BRH:0
end_of_record
TN:
SF:src/middleware/errorHandler.js
FN:3,(anonymous_0)
FN:14,(anonymous_1)
FN:21,(anonymous_2)
FN:37,(anonymous_3)
FNF:4
FNH:1
FNDA:0,(anonymous_0)
FNDA:0,(anonymous_1)
FNDA:0,(anonymous_2)
FNDA:1,(anonymous_3)
DA:1,1
DA:3,1
DA:4,0
DA:11,0
DA:12,0
DA:14,0
DA:18,0
DA:19,0
DA:21,0
DA:25,0
DA:26,0
DA:32,0
DA:37,1
DA:38,1
DA:41,1
LF:15
LH:5
BRDA:11,0,0,0
BRDA:11,0,1,0
BRDA:18,1,0,0
BRDA:18,1,1,0
BRDA:25,2,0,0
BRDA:25,2,1,0
BRDA:32,3,0,0
BRDA:32,3,1,0
BRDA:33,4,0,0
BRDA:33,4,1,0
BRF:10
BRH:0
end_of_record
TN:
SF:src/middleware/validation.js
FN:3,(anonymous_0)
FNF:1
FNH:1
FNDA:6,(anonymous_0)
DA:1,1
DA:3,1
DA:4,6
DA:5,6
DA:6,2
DA:8,4
DA:11,1
DA:20,1
DA:29,1
DA:36,1
DA:46,1
DA:55,1
DA:64,1
DA:69,1
DA:74,1
DA:75,1
DA:76,1
DA:77,1
DA:78,1
DA:79,1
DA:81,1
LF:21
LH:21
BRDA:5,0,0,2
BRDA:5,0,1,4
BRF:2
BRH:2
end_of_record
TN:
SF:src/models/Appointment.js
FN:62,(anonymous_0)
FNF:1
FNH:0
FNDA:0,(anonymous_0)
DA:1,7
DA:2,7
DA:4,7
DA:62,7
DA:63,0
DA:64,0
DA:65,0
DA:66,0
DA:69,7
LF:9
LH:5
BRF:0
BRH:0
end_of_record
TN:
SF:src/models/Cariogram.js
FN:146,(anonymous_0)
FNF:1
FNH:0
FNDA:0,(anonymous_0)
DA:1,7
DA:2,7
DA:4,7
DA:146,7
DA:147,0
DA:148,0
DA:149,0
DA:150,0
DA:153,7
LF:9
LH:5
BRF:0
BRH:0
end_of_record
TN:
SF:src/models/DentalRecord.js
FN:65,(anonymous_0)
FNF:1
FNH:0
FNDA:0,(anonymous_0)
DA:1,7
DA:2,7
DA:4,7
DA:65,7
DA:66,0
DA:67,0
DA:68,0
DA:69,0
DA:72,7
LF:9
LH:5
BRF:0
BRH:0
end_of_record
TN:
SF:src/models/Dentist.js
FN:47,(anonymous_0)
FNF:1
FNH:0
FNDA:0,(anonymous_0)
DA:1,7
DA:2,7
DA:4,7
DA:47,7
DA:48,0
DA:49,0
DA:50,0
DA:51,0
DA:54,7
LF:9
LH:5
BRF:0
BRH:0
end_of_record
TN:
SF:src/models/MedicalRecord.js
FN:52,(anonymous_0)
FNF:1
FNH:0
FNDA:0,(anonymous_0)
DA:1,7
DA:2,7
DA:4,7
DA:52,7
DA:53,0
DA:54,0
DA:55,0
DA:56,0
DA:59,7
LF:9
LH:5
BRF:0
BRH:0
end_of_record
TN:
SF:src/models/Patient.js
FN:46,(anonymous_0)
FNF:1
FNH:0
FNDA:0,(anonymous_0)
DA:1,7
DA:2,7
DA:4,7
DA:46,7
DA:47,0
DA:48,0
DA:49,0
DA:50,0
DA:53,7
LF:9
LH:5
BRF:0
BRH:0
end_of_record
TN:
SF:src/models/ToothRecord.js
FN:71,(anonymous_0)
FNF:1
FNH:0
FNDA:0,(anonymous_0)
DA:1,7
DA:2,7
DA:4,7
DA:71,7
DA:72,0
DA:73,0
DA:74,0
DA:75,0
DA:78,7
LF:9
LH:5
BRF:0
BRH:0
end_of_record
TN:
SF:src/models/Treatment.js
FN:33,(anonymous_0)
FNF:1
FNH:0
FNDA:0,(anonymous_0)
DA:1,7
DA:2,7
DA:4,7
DA:33,7
DA:34,0
DA:35,0
DA:36,0
DA:37,0
DA:40,7
LF:9
LH:5
BRF:0
BRH:0
end_of_record
TN:
SF:src/models/index.js
FNF:0
FNH:0
DA:1,7
DA:2,7
DA:3,7
DA:4,7
DA:5,7
DA:6,7
DA:7,7
DA:8,7
DA:10,7
DA:11,7
DA:12,7
DA:14,7
DA:15,7
DA:16,7
DA:18,7
DA:19,7
DA:21,7
DA:22,7
DA:24,7
DA:25,7
DA:26,7
DA:28,7
DA:30,7
DA:32,7
DA:33,7
DA:35,7
DA:37,7
LF:27
LH:27
BRF:0
BRH:0
end_of_record
TN:
SF:src/routes/appointmentRoutes.js
FNF:0
FNH:0
DA:1,1
DA:2,1
DA:3,1
DA:4,1
DA:6,1
DA:7,1
DA:8,1
DA:9,1
DA:10,1
DA:11,1
DA:12,1
DA:14,1
LF:12
LH:12
BRF:0
BRH:0
end_of_record
TN:
SF:src/routes/cariogramRoutes.js
FNF:0
FNH:0
DA:1,1
DA:2,1
DA:3,1
DA:5,1
DA:6,1
DA:7,1
DA:8,1
DA:10,1
LF:8
LH:8
BRF:0
BRH:0
end_of_record
TN:
SF:src/routes/dentalRecordRoutes.js
FNF:0
FNH:0
DA:1,1
DA:2,1
DA:3,1
DA:4,1
DA:6,1
DA:7,1
DA:8,1
DA:10,1
LF:8
LH:8
BRF:0
BRH:0
end_of_record
TN:
SF:src/routes/dentistRoutes.js
FNF:0
FNH:0
DA:1,1
DA:2,1
DA:3,1
DA:4,1
DA:6,1
DA:7,1
DA:8,1
DA:9,1
DA:10,1
DA:12,1
LF:10
LH:10
BRF:0
BRH:0
end_of_record
TN:
SF:src/routes/medicalRecordRoutes.js
FNF:0
FNH:0
DA:1,1
DA:2,1
DA:3,1
DA:4,1
DA:6,1
DA:7,1
DA:8,1
DA:10,1
LF:8
LH:8
BRF:0
BRH:0
end_of_record
TN:
SF:src/routes/patientRoutes.js
FNF:0
FNH:0
DA:1,1
DA:2,1
DA:3,1
DA:4,1
DA:6,1
DA:7,1
DA:8,1
DA:9,1
DA:10,1
DA:11,1
DA:13,1
LF:11
LH:11
BRF:0
BRH:0
end_of_record
TN:
SF:src/routes/treatmentRoutes.js
FNF:0
FNH:0
DA:1,1
DA:2,1
DA:3,1
DA:4,1
DA:6,1
DA:7,1
DA:8,1
DA:9,1
DA:10,1
DA:12,1
LF:10
LH:10
BRF:0
BRH:0
end_of_record
TN:
SF:src/services/AppointmentService.js
FN:5,(anonymous_0)
FN:37,(anonymous_1)
FN:56,(anonymous_2)
FN:67,(anonymous_3)
FN:82,(anonymous_4)
FN:97,(anonymous_5)
FN:115,(anonymous_6)
FN:125,(anonymous_7)
FN:135,(anonymous_8)
FNF:9
FNH:6
FNDA:2,(anonymous_0)
FNDA:5,(anonymous_1)
FNDA:2,(anonymous_2)
FNDA:2,(anonymous_3)
FNDA:2,(anonymous_4)
FNDA:1,(anonymous_5)
FNDA:0,(anonymous_6)
FNDA:0,(anonymous_7)
FNDA:0,(anonymous_8)
DA:1,2
DA:2,2
DA:6,2
DA:7,2
DA:8,2
DA:9,1
DA:11,2
DA:12,0
DA:14,2
DA:15,0
DA:17,2
DA:18,0
DA:21,2
DA:30,2
DA:32,0
DA:33,0
DA:38,5
DA:39,5
DA:46,5
DA:47,2
DA:49,3
DA:51,0
DA:52,0
DA:57,2
DA:58,2
DA:59,2
DA:60,2
DA:62,0
DA:63,0
DA:68,2
DA:69,2
DA:70,2
DA:71,1
DA:73,1
DA:74,1
DA:75,1
DA:77,0
DA:78,0
DA:83,2
DA:84,2
DA:85,2
DA:86,1
DA:88,1
DA:89,1
DA:90,1
DA:92,0
DA:93,0
DA:98,1
DA:99,1
DA:108,1
DA:110,0
DA:111,0
DA:116,0
DA:117,0
DA:118,0
DA:120,0
DA:121,0
DA:126,0
DA:127,0
DA:128,0
DA:130,0
DA:131,0
DA:136,0
DA:137,0
DA:138,0
DA:140,0
DA:141,0
DA:146,2
LF:68
LH:38
BRDA:5,0,0,0
BRDA:8,1,0,1
BRDA:8,1,1,1
BRDA:11,2,0,0
BRDA:11,2,1,2
BRDA:14,3,0,0
BRDA:14,3,1,2
BRDA:17,4,0,0
BRDA:17,4,1,2
BRDA:46,5,0,2
BRDA:46,5,1,3
BRDA:70,6,0,1
BRDA:70,6,1,1
BRDA:85,7,0,1
BRDA:85,7,1,1
BRF:15
BRH:11
end_of_record
TN:
SF:src/services/CariogramService.js
FN:37,(anonymous_0)
FN:63,(anonymous_1)
FN:73,(anonymous_2)
FN:84,(anonymous_3)
FN:100,(anonymous_4)
FN:146,(anonymous_5)
FN:175,(anonymous_6)
FNF:7
FNH:7
FNDA:6,(anonymous_0)
FNDA:7,(anonymous_1)
FNDA:5,(anonymous_2)
FNDA:4,(anonymous_3)
FNDA:3,(anonymous_4)
FNDA:3,(anonymous_5)
FNDA:2,(anonymous_6)
DA:1,3
DA:2,3
DA:4,3
DA:8,3
DA:12,3
DA:16,3
DA:20,3
DA:24,3
DA:28,3
DA:32,3
DA:38,6
DA:40,6
DA:42,6
DA:47,6
DA:48,6
DA:49,6
DA:51,6
DA:53,6
DA:54,6
DA:56,6
DA:64,7
DA:66,7
DA:67,6
DA:68,5
DA:69,4
DA:70,3
DA:74,5
DA:81,5
DA:85,4
DA:86,4
DA:93,4
DA:95,0
DA:96,0
DA:101,3
DA:102,3
DA:106,3
DA:107,2
DA:110,1
DA:111,1
DA:113,1
DA:136,1
DA:138,1
DA:139,1
DA:141,2
DA:142,2
DA:147,3
DA:148,3
DA:152,3
DA:153,2
DA:156,1
DA:157,1
DA:159,1
DA:167,1
DA:168,1
DA:170,0
DA:171,0
DA:176,2
DA:177,2
DA:181,2
DA:182,1
DA:184,1
DA:186,1
DA:187,1
DA:192,3
LF:64
LH:60
BRDA:38,0,0,6
BRDA:38,0,1,1
BRDA:38,1,0,6
BRDA:38,1,1,1
BRDA:47,2,0,1
BRDA:47,2,1,5
BRDA:47,3,0,0
BRDA:47,3,1,5
BRDA:47,4,0,3
BRDA:47,4,1,2
BRDA:48,5,0,1
BRDA:48,5,1,5
BRDA:48,6,0,1
BRDA:48,6,1,4
BRDA:49,7,0,1
BRDA:49,7,1,5
BRDA:49,8,0,0
BRDA:49,8,1,5
BRDA:66,9,0,1
BRDA:66,9,1,6
BRDA:67,10,0,1
BRDA:67,10,1,5
BRDA:68,11,0,1
BRDA:68,11,1,4
BRDA:69,12,0,1
BRDA:69,12,1,3
BRDA:81,13,0,5
BRDA:81,13,1,0
BRDA:106,14,0,2
BRDA:106,14,1,1
BRDA:115,15,0,1
BRDA:115,15,1,1
BRDA:116,16,0,1
BRDA:116,16,1,0
BRDA:117,17,0,1
BRDA:117,17,1,0
BRDA:118,18,0,1
BRDA:118,18,1,1
BRDA:119,19,0,1
BRDA:119,19,1,0
BRDA:120,20,0,1
BRDA:120,20,1,1
BRDA:121,21,0,1
BRDA:121,21,1,0
BRDA:122,22,0,1
BRDA:122,22,1,0
BRDA:123,23,0,1
BRDA:123,23,1,1
BRDA:124,24,0,1
BRDA:124,24,1,1
BRDA:125,25,0,1
BRDA:125,25,1,1
BRDA:126,26,0,1
BRDA:126,26,1,1
BRDA:127,27,0,1
BRDA:127,27,1,1
BRDA:128,28,0,1
BRDA:128,28,1,1
BRDA:129,29,0,1
BRDA:129,29,1,1
BRDA:152,30,0,2
BRDA:152,30,1,1
BRDA:181,31,0,1
BRDA:181,31,1,1
BRF:64
BRH:56
end_of_record
TN:
SF:src/services/DentalRecordService.js
FN:5,(anonymous_0)
FN:31,(anonymous_1)
FN:52,(anonymous_2)
FN:70,(anonymous_3)
FN:126,(anonymous_4)
FN:162,(anonymous_5)
FNF:6
FNH:5
FNDA:4,(anonymous_0)
FNDA:2,(anonymous_1)
FNDA:0,(anonymous_2)
FNDA:2,(anonymous_3)
FNDA:2,(anonymous_4)
FNDA:64,(anonymous_5)
DA:1,3
DA:2,3
DA:6,4
DA:7,4
DA:15,4
DA:16,1
DA:19,3
DA:24,3
DA:26,0
DA:27,0
DA:32,2
DA:33,2
DA:37,2
DA:38,1
DA:41,1
DA:51,1
DA:52,0
DA:57,0
DA:59,1
DA:62,1
DA:63,1
DA:65,1
DA:66,1
DA:71,2
DA:72,2
DA:76,2
DA:77,1
DA:80,1
DA:88,1
DA:89,0
DA:90,0
DA:91,0
DA:102,0
DA:103,0
DA:118,1
DA:119,1
DA:121,0
DA:122,0
DA:127,2
DA:162,64
DA:173,2
DA:177,3
LF:42
LH:31
BRDA:15,0,0,1
BRDA:15,0,1,3
BRDA:37,1,0,1
BRDA:37,1,1,1
BRDA:44,2,0,1
BRDA:44,2,1,1
BRDA:45,3,0,1
BRDA:45,3,1,1
BRDA:46,4,0,1
BRDA:46,4,1,1
BRDA:47,5,0,1
BRDA:47,5,1,1
BRDA:51,6,0,0
BRDA:51,6,1,1
BRDA:51,7,0,1
BRDA:51,7,1,0
BRDA:76,8,0,1
BRDA:76,8,1,1
BRDA:88,9,0,0
BRDA:88,9,1,1
BRDA:90,10,0,0
BRDA:90,10,1,0
BRDA:102,11,0,0
BRDA:102,11,1,0
BRDA:107,12,0,0
BRDA:107,12,1,0
BRDA:108,13,0,0
BRDA:108,13,1,0
BRDA:109,14,0,0
BRDA:109,14,1,0
BRDA:110,15,0,0
BRDA:110,15,1,0
BRDA:111,16,0,0
BRDA:111,16,1,0
BRF:34
BRH:17
end_of_record
TN:
SF:src/services/DentistService.js
FN:5,(anonymous_0)
FN:17,(anonymous_1)
FN:30,(anonymous_2)
FN:40,(anonymous_3)
FN:50,(anonymous_4)
FN:73,(anonymous_5)
FN:100,(anonymous_6)
FN:115,(anonymous_7)
FNF:8
FNH:7
FNDA:2,(anonymous_0)
FNDA:2,(anonymous_1)
FNDA:4,(anonymous_2)
FNDA:1,(anonymous_3)
FNDA:4,(anonymous_4)
FNDA:2,(anonymous_5)
FNDA:2,(anonymous_6)
FNDA:0,(anonymous_7)
DA:1,2
DA:2,2
DA:6,2
DA:7,2
DA:10,2
DA:12,0
DA:13,0
DA:18,2
DA:19,2
DA:20,2
DA:21,1
DA:23,1
DA:25,0
DA:26,0
DA:31,4
DA:32,4
DA:33,4
DA:35,0
DA:36,0
DA:41,1
DA:42,1
DA:43,1
DA:45,0
DA:46,0
DA:51,4
DA:52,4
DA:53,4
DA:54,4
DA:55,1
DA:58,3
DA:59,1
DA:60,1
DA:61,1
DA:64,2
DA:65,2
DA:66,2
DA:68,2
DA:69,2
DA:74,2
DA:75,2
DA:76,2
DA:77,1
DA:79,1
DA:80,0
DA:81,0
DA:82,0
DA:85,1
DA:86,0
DA:87,0
DA:88,0
DA:91,1
DA:92,1
DA:93,1
DA:95,0
DA:96,0
DA:101,2
DA:102,2
DA:103,2
DA:104,1
DA:106,1
DA:107,1
DA:108,1
DA:110,0
DA:111,0
DA:116,0
DA:117,0
DA:118,0
DA:120,0
DA:121,0
DA:126,2
LF:70
LH:47
BRDA:20,0,0,1
BRDA:20,0,1,1
BRDA:52,1,0,4
BRDA:52,1,1,0
BRDA:54,2,0,1
BRDA:54,2,1,3
BRDA:58,3,0,1
BRDA:58,3,1,2
BRDA:60,4,0,1
BRDA:60,4,1,0
BRDA:76,5,0,1
BRDA:76,5,1,1
BRDA:79,6,0,0
BRDA:79,6,1,1
BRDA:81,7,0,0
BRDA:81,7,1,0
BRDA:81,8,0,0
BRDA:81,8,1,0
BRDA:85,9,0,0
BRDA:85,9,1,1
BRDA:87,10,0,0
BRDA:87,10,1,0
BRDA:87,11,0,0
BRDA:87,11,1,0
BRDA:103,12,0,1
BRDA:103,12,1,1
BRF:26
BRH:14
end_of_record
TN:
SF:src/services/MedicalRecordService.js
FN:5,(anonymous_0)
FN:21,(anonymous_1)
FN:38,(anonymous_2)
FN:55,(anonymous_3)
FNF:4
FNH:1
FNDA:1,(anonymous_0)
FNDA:0,(anonymous_1)
FNDA:0,(anonymous_2)
FNDA:0,(anonymous_3)
DA:1,1
DA:2,1
DA:6,1
DA:7,1
DA:14,1
DA:16,0
DA:17,0
DA:22,0
DA:23,0
DA:26,0
DA:27,0
DA:29,0
DA:30,0
DA:31,0
DA:33,0
DA:34,0
DA:39,0
DA:40,0
DA:43,0
DA:44,0
DA:46,0
DA:47,0
DA:48,0
DA:50,0
DA:51,0
DA:56,0
DA:57,0
DA:60,0
DA:61,0
DA:63,0
DA:65,0
DA:66,0
DA:71,1
LF:33
LH:6
BRDA:26,0,0,0
BRDA:26,0,1,0
BRDA:43,1,0,0
BRDA:43,1,1,0
BRDA:60,2,0,0
BRDA:60,2,1,0
BRF:6
BRH:0
end_of_record
TN:
SF:src/services/PatientService.js
FN:5,(anonymous_0)
FN:17,(anonymous_1)
FN:30,(anonymous_2)
FN:40,(anonymous_3)
FN:55,(anonymous_4)
FN:74,(anonymous_5)
FN:89,(anonymous_6)
FN:108,(anonymous_7)
FNF:8
FNH:7
FNDA:3,(anonymous_0)
FNDA:2,(anonymous_1)
FNDA:4,(anonymous_2)
FNDA:3,(anonymous_3)
FNDA:2,(anonymous_4)
FNDA:2,(anonymous_5)
FNDA:0,(anonymous_6)
FNDA:1,(anonymous_7)
DA:1,2
DA:2,2
DA:6,3
DA:7,3
DA:10,2
DA:12,1
DA:13,1
DA:18,2
DA:19,2
DA:20,2
DA:21,1
DA:23,1
DA:25,0
DA:26,0
DA:31,4
DA:32,4
DA:33,4
DA:35,0
DA:36,0
DA:41,3
DA:42,3
DA:43,3
DA:44,1
DA:46,2
DA:47,2
DA:48,2
DA:50,1
DA:51,1
DA:56,2
DA:57,2
DA:58,2
DA:59,1
DA:61,1
DA:62,1
DA:63,0
DA:65,1
DA:66,1
DA:67,1
DA:69,0
DA:70,0
DA:75,2
DA:76,2
DA:77,2
DA:78,1
DA:80,1
DA:81,1
DA:82,1
DA:84,0
DA:85,0
DA:90,0
DA:91,0
DA:101,0
DA:103,0
DA:104,0
DA:109,1
DA:110,1
DA:111,1
DA:113,0
DA:114,0
DA:119,2
LF:60
LH:44
BRDA:20,0,0,1
BRDA:20,0,1,1
BRDA:43,1,0,1
BRDA:43,1,1,2
BRDA:58,2,0,1
BRDA:58,2,1,1
BRDA:62,3,0,0
BRDA:62,3,1,1
BRDA:62,4,0,1
BRDA:62,4,1,0
BRDA:77,5,0,1
BRDA:77,5,1,1
BRF:12
BRH:10
end_of_record
TN:
SF:src/services/TreatmentService.js
FN:5,(anonymous_0)
FN:17,(anonymous_1)
FN:30,(anonymous_2)
FN:41,(anonymous_3)
FN:56,(anonymous_4)
FN:71,(anonymous_5)
FNF:6
FNH:6
FNDA:2,(anonymous_0)
FNDA:2,(anonymous_1)
FNDA:2,(anonymous_2)
FNDA:2,(anonymous_3)
FNDA:2,(anonymous_4)
FNDA:1,(anonymous_5)
DA:1,2
DA:2,2
DA:6,2
DA:7,2
DA:10,2
DA:12,0
DA:13,0
DA:18,2
DA:19,2
DA:20,2
DA:21,1
DA:23,1
DA:25,0
DA:26,0
DA:31,2
DA:32,2
DA:33,2
DA:34,2
DA:36,0
DA:37,0
DA:42,2
DA:43,2
DA:44,2
DA:45,1
DA:47,1
DA:48,1
DA:49,1
DA:51,0
DA:52,0
DA:57,2
DA:58,2
DA:59,2
DA:60,1
DA:62,1
DA:63,1
DA:64,1
DA:66,0
DA:67,0
DA:72,1
DA:73,1
DA:74,1
DA:76,0
DA:77,0
DA:82,2
LF:44
LH:32
BRDA:20,0,0,1
BRDA:20,0,1,1
BRDA:44,1,0,1
BRDA:44,1,1,1
BRDA:59,2,0,1
BRDA:59,2,1,1
BRF:6
BRH:6
end_of_record
TN:
SF:src/utils/logger.js
FN:19,(anonymous_0)
FNF:1
FNH:1
FNDA:13,(anonymous_0)
DA:1,5
DA:3,5
DA:5,5
DA:19,13
DA:26,5
LF:5
LH:5
BRDA:3,0,0,5
BRDA:3,0,1,4
BRF:2
BRH:2
end_of_record
